[
    {
        "content": "<p>When I set <code>lld = true</code>in my config.toml and try to run <code>./x.py test</code>, I get this error</p>\n<div class=\"codehilite\"><pre><span></span><code>Updating only changed submodules\nSubmodules updated in 0.04 seconds\n    Finished dev [unoptimized + debuginfo] target(s) in 0.20s\nBuilding stage0 std artifacts (x86_64-unknown-linux-gnu -&gt; x86_64-unknown-linux-gnu)\n    Finished release [optimized + debuginfo] target(s) in 0.20s\nCopying stage0 std from stage0 (x86_64-unknown-linux-gnu -&gt; x86_64-unknown-linux-gnu / x86_64-unknown-linux-gnu)\nBuilding stage0 compiler artifacts (x86_64-unknown-linux-gnu -&gt; x86_64-unknown-linux-gnu)\n    Finished release [optimized + debuginfo] target(s) in 0.26s\nCopying stage0 rustc from stage0 (x86_64-unknown-linux-gnu -&gt; x86_64-unknown-linux-gnu / x86_64-unknown-linux-gnu)\nBuilding LLD for x86_64-unknown-linux-gnu\nrunning: &quot;cmake&quot; &quot;/rust/src/llvm-project/lld&quot; &quot;-G&quot; &quot;Ninja&quot; &quot;-DCMAKE_INSTALL_MESSAGE=LAZY&quot; &quot;-DCMAKE_C_COMPILER=gcc&quot; &quot;-DCMAKE_CXX_COMPILER=g++&quot; &quot;-DCMAKE_ASM_COMPILER=gcc&quot; &quot;-DCMAKE_C_FLAGS=-ffunction-sections -fdata-sections -fPIC -m64&quot; &quot;-DCMAKE_CXX_FLAGS=-ffunction-sections -fdata-sections -fPIC -m64&quot; &quot;-DLLVM_CONFIG_PATH=/rust/build/bootstrap/debug/llvm-config-wrapper&quot; &quot;-DLLVM_INCLUDE_TESTS=OFF&quot; &quot;-DCMAKE_CXX_STANDARD=14&quot; &quot;-DCMAKE_INSTALL_PREFIX=/rust/build/x86_64-unknown-linux-gnu/lld&quot; &quot;-DCMAKE_ASM_FLAGS= -ffunction-sections -fdata-sections -fPIC -m64&quot; &quot;-DCMAKE_BUILD_TYPE=Release&quot;\nCMake Error at CMakeLists.txt:40 (message):\n  LLVMConfig.cmake not found\n\n\n-- Configuring incomplete, errors occurred!\nSee also &quot;/rust/build/x86_64-unknown-linux-gnu/lld/build/CMakeFiles/CMakeOutput.log&quot;.\nthread &#39;main&#39; panicked at &#39;\ncommand did not execute successfully, got: exit status: 1\n\nbuild script failed, must exit now&#39;, /home/kt/.cargo/registry/src/github.com-1ecc6299db9ec823/cmake-0.1.44/src/lib.rs:885:5\nnote: run with `RUST_BACKTRACE=1` environment variable to display a backtrace\n        finished in 0.030 seconds\nfailed to run: /rust/build/bootstrap/debug/bootstrap t src/test/ui/linkage-attr/issue-71519.rs\nBuild completed unsuccessfully in 0:00:01\n</code></pre></div>\n<p>Any ideas? I am on NixOS.</p>",
        "id": 240514707,
        "sender_full_name": "Kevin Tran",
        "timestamp": 1622141927
    },
    {
        "content": "<p><span class=\"user-mention\" data-user-id=\"351526\">@Kevin Tran</span> is the llvm-project subdirectory initialized?</p>",
        "id": 240532841,
        "sender_full_name": "Joshua Nelson",
        "timestamp": 1622150113
    },
    {
        "content": "<p>How can I tell? <span class=\"user-mention\" data-user-id=\"232545\">@Joshua Nelson</span></p>",
        "id": 240556738,
        "sender_full_name": "Kevin Tran",
        "timestamp": 1622170987
    },
    {
        "content": "<p>OK, for some reason the path <code>build/x86_64-unknown-linux-gnu/ci-llvm/lib/cmake/llvm/LLVMConfig.cmake</code> relative to the project dir doesn't exist. It is needed in line 39 of <code>src/llvm-project/lld/CMakeLists.txt</code>.</p>",
        "id": 240569697,
        "sender_full_name": "Kevin Tran",
        "timestamp": 1622186693
    },
    {
        "content": "<p>I'm pretty sure the llvm-project subdirectory is initialized. When I type <code>git status</code> in <code>src/llvm-project</code>, I get this output</p>\n<div class=\"codehilite\"><pre><span></span><code>HEAD detached at 5f67a5715771\nnothing to commit, working tree clean\n</code></pre></div>",
        "id": 240791579,
        "sender_full_name": "Kevin Tran",
        "timestamp": 1622436422
    },
    {
        "content": "<p><span class=\"user-mention\" data-user-id=\"232545\">@Joshua Nelson</span></p>",
        "id": 240961236,
        "sender_full_name": "Kevin Tran",
        "timestamp": 1622562079
    },
    {
        "content": "<p>I don't have time to help, sorry</p>",
        "id": 240961328,
        "sender_full_name": "Joshua Nelson",
        "timestamp": 1622562119
    },
    {
        "content": "<p>I don't know why that file specifically would be missing</p>",
        "id": 240961427,
        "sender_full_name": "Joshua Nelson",
        "timestamp": 1622562143
    },
    {
        "content": "<p>actually ci-llvm shouldn't be related at all, you're building from source</p>",
        "id": 240961512,
        "sender_full_name": "Joshua Nelson",
        "timestamp": 1622562189
    },
    {
        "content": "<p>actually i realized i was using the compiler profile, not the codegen profile. thanks. but now i'm getting another error</p>\n<div class=\"codehilite\"><pre><span></span><code>error: process didn&#39;t exit successfully: `/rust/build/bootstrap/debug/rustc -vV` (exit status: 127)\n--- stderr\n/rust/build/x86_64-unknown-linux-gnu/stage1/bin/rustc: error while loading shared libraries: libz.so.1: cannot open shared object file: No such file or directory\n\ncommand did not execute successfully: &quot;/rust/build/x86_64-unknown-linux-gnu/stage0/bin/cargo&quot; &quot;build&quot; &quot;--target&quot; &quot;x86_64-unknown-linux-gnu&quot; &quot;-Zbinary-dep-depinfo&quot; &quot;-j&quot; &quot;8&quot; &quot;--release&quot; &quot;--features&quot; &quot;panic-unwind backtrace compiler-builtins-c&quot; &quot;--manifest-path&quot; &quot;/rust/library/test/Cargo.toml&quot; &quot;--message-format&quot; &quot;json-render-diagnostics&quot;\n</code></pre></div>",
        "id": 241112586,
        "sender_full_name": "Kevin Tran",
        "timestamp": 1622617715
    },
    {
        "content": "<p>You need to install zlib I think</p>",
        "id": 241113972,
        "sender_full_name": "Joshua Nelson",
        "timestamp": 1622618905
    },
    {
        "content": "<p>never mind, unsetting <code>use-lld = true</code> made things work</p>",
        "id": 241114712,
        "sender_full_name": "Kevin Tran",
        "timestamp": 1622619425
    }
]