[
    {
        "content": "<p>I have a fresh clone of the repo (commit <a href=\"https://github.com/rust-lang/rust/commit/2aafe452b898aa3fdfb2c5a1a649ed0922e1401d\">2aafe452b898aa3fdfb2c5a1a649ed0922e1401d</a>). I did <code>./x.py clean</code> and <code>./x.py check</code> and I get this compiler errror. Can anyone help me?</p>\n<div class=\"codehilite\"><pre><span></span><code>Updating only changed submodules\nSubmodules updated in 0.03 seconds\nextracting /home/jendrik/dev/rust/rust/build/cache/2021-02-14/rust-std-beta-x86_64-unknown-linux-gnu.tar.xz\nextracting /home/jendrik/dev/rust/rust/build/cache/2021-02-14/rustc-beta-x86_64-unknown-linux-gnu.tar.xz\nextracting /home/jendrik/dev/rust/rust/build/cache/2021-02-14/cargo-beta-x86_64-unknown-linux-gnu.tar.xz\nextracting /home/jendrik/dev/rust/rust/build/cache/2021-01-28/rustfmt-nightly-x86_64-unknown-linux-gnu.tar.xz\nextracting /home/jendrik/dev/rust/rust/build/cache/llvm-215ebc364e790f6727754e5b83bf47c3696bade7-False/rust-dev-nightly-x86_64-unknown-linux-gnu.tar.xz\n   Compiling proc-macro2 v1.0.33\n   Compiling unicode-xid v0.2.1\n   Compiling syn v1.0.82\n   Compiling version_check v0.9.1\n   Compiling autocfg v1.0.0\n   Compiling memchr v2.3.3\n   Compiling libc v0.2.109\n   Compiling cfg-if v0.1.10\n   Compiling lazy_static v1.4.0\n   Compiling serde_derive v1.0.131\n   Compiling log v0.4.11\n   Compiling serde v1.0.131\n   Compiling ryu v1.0.5\n   Compiling regex-syntax v0.6.22\n   Compiling fnv v1.0.7\n   Compiling same-file v1.0.6\n   Compiling serde_json v1.0.59\n   Compiling itoa v0.4.6\n   Compiling cc v1.0.60\n   Compiling bootstrap v0.0.0 (/home/jendrik/dev/rust/rust/src/bootstrap)\n   Compiling unicode-width v0.1.8\n   Compiling build_helper v0.1.0 (/home/jendrik/dev/rust/rust/src/build_helper)\n   Compiling opener v0.4.1\n   Compiling crossbeam-utils v0.7.2\n   Compiling num-traits v0.2.12\n   Compiling proc-macro-error-attr v1.0.4\n   Compiling proc-macro-error v1.0.4\n   Compiling thread_local v1.0.1\n   Compiling walkdir v2.3.1\n   Compiling getopts v0.2.21\n   Compiling cmake v0.1.44\n   Compiling quote v1.0.7\n   Compiling aho-corasick v0.7.13\n   Compiling bstr v0.2.13\n   Compiling time v0.1.43\n   Compiling filetime v0.2.12\n   Compiling num_cpus v1.13.0\n   Compiling regex v1.4.3\n   Compiling globset v0.4.5\n   Compiling ignore v0.4.16\n   Compiling merge_derive v0.1.0\n   Compiling merge v0.1.0\n   Compiling toml v0.5.7\n    Finished dev [unoptimized + debuginfo] target(s) in 1m 17s\nChecking stage0 std artifacts (x86_64-unknown-linux-gnu -&gt; x86_64-unknown-linux-gnu)\n   Compiling cc v1.0.60\n    Checking core v0.0.0 (/home/jendrik/dev/rust/rust/library/core)\n   Compiling libc v0.2.109\n   Compiling std v0.0.0 (/home/jendrik/dev/rust/rust/library/std)\n   Compiling compiler_builtins v0.1.39\n   Compiling unwind v0.0.0 (/home/jendrik/dev/rust/rust/library/unwind)\n    Checking rustc-std-workspace-core v1.99.0 (/home/jendrik/dev/rust/rust/library/rustc-std-workspace-core)\n    Checking alloc v0.0.0 (/home/jendrik/dev/rust/rust/library/alloc)\n    Checking cfg-if v0.1.10\n    Checking adler v0.2.3\n    Checking rustc-demangle v0.1.18\nerror[E0635]: unknown feature `native_link_modifiers_bundle`\n  --&gt; /home/jendrik/.cargo/registry/src/github.com-1ecc6299db9ec823/libc-0.2.109/src/lib.rs:29:53\n   |\n29 |     feature(static_nobundle, native_link_modifiers, native_link_modifiers_bundle)\n   |                                                     ^^^^^^^^^^^^^^^^^^^^^^^^^^^^\n\nerror[E0635]: unknown feature `native_link_modifiers`\n  --&gt; /home/jendrik/.cargo/registry/src/github.com-1ecc6299db9ec823/libc-0.2.109/src/lib.rs:29:30\n   |\n29 |     feature(static_nobundle, native_link_modifiers, native_link_modifiers_bundle)\n   |                              ^^^^^^^^^^^^^^^^^^^^^\n\nerror: aborting due to 2 previous errors\n\nFor more information about this error, try `rustc --explain E0635`.\nerror: could not compile `libc`\n\nTo learn more, run the command again with --verbose.\nwarning: build failed, waiting for other jobs to finish...\nerror: build failed\ncommand did not execute successfully: &quot;/home/jendrik/dev/rust/rust/build/x86_64-unknown-linux-gnu/stage0/bin/cargo&quot; &quot;check&quot; &quot;--target&quot; &quot;x86_64-unknown-linux-gnu&quot; &quot;-Zbinary-dep-depinfo&quot; &quot;-j&quot; &quot;4&quot; &quot;--release&quot; &quot;--features&quot; &quot;panic-unwind backtrace compiler-builtins-c&quot; &quot;--manifest-path&quot; &quot;/home/jendrik/dev/rust/rust/library/test/Cargo.toml&quot; &quot;--message-format&quot; &quot;json-render-diagnostics&quot;\nexpected success, got: exit code: 101\nfailed to run: /home/jendrik/dev/rust/rust/build/bootstrap/debug/bootstrap check\nBuild completed unsuccessfully in 0:02:16\n</code></pre></div>",
        "id": 264567338,
        "sender_full_name": "Max",
        "timestamp": 1639235492
    },
    {
        "content": "<p>That's quite an old commit - is there a reason you're trying to build 1.52 from source?</p>",
        "id": 264567444,
        "sender_full_name": "Joshua Nelson",
        "timestamp": 1639235637
    },
    {
        "content": "<p>Oh, sorry, I didn't realize I pulled from my fork. Thanks</p>",
        "id": 264567601,
        "sender_full_name": "Max",
        "timestamp": 1639235840
    }
]