[
    {
        "content": "<p>When I try to run <code>x.py check library/core --stage 1</code> on master, the build fails, starting with the following errors:</p>\n<div class=\"codehilite\"><pre><span></span><code>error[E0463]: can&#39;t find crate for `core`\n\nerror[E0463]: can&#39;t find crate for `compiler_builtins`\n\nerror[E0463]: can&#39;t find crate for `std`\n</code></pre></div>\n<p>and then ~11k lines of unresolved import errors. I've already tried deleting the build folder and starting again. Does anyone know what's going on here?</p>",
        "id": 268640419,
        "sender_full_name": "DrMeepster",
        "timestamp": 1642653194
    },
    {
        "content": "<p><span class=\"user-mention\" data-user-id=\"362726\">@DrMeepster</span> Is there a particular reason you are passing <code>--stage 1</code>?  I would just remove that if you don't need it.</p>",
        "id": 268641751,
        "sender_full_name": "Eric Huss",
        "timestamp": 1642654665
    },
    {
        "content": "<p><span class=\"user-mention\" data-user-id=\"120518\">@Eric Huss</span> I was using <code>--stage 1</code> for testing a modified rustc, but the problem still happens on master without any changes.</p>",
        "id": 268642544,
        "sender_full_name": "DrMeepster",
        "timestamp": 1642655371
    },
    {
        "content": "<p>Huh, it doesn't seem to happen when building std, just checking. Strange.</p>",
        "id": 268643889,
        "sender_full_name": "DrMeepster",
        "timestamp": 1642656497
    }
]