[
    {
        "content": "<p>On running <code>./x.py test src/test/mir-opt --bless</code>, I get the following fails for some tests</p>\n<div class=\"codehilite\"><pre><span></span><code>---- [mir-opt] mir-opt/const_prop/mutable_variable_aggregate_partial_read.rs stdout ----\n\nerror: compilation failed!\nstatus: exit code: 1\ncommand: &quot;/mnt/videos/others/rust/build/x86_64-unknown-linux-gnu/stage1/bin/rustc&quot; &quot;/mnt/videos/others/rust/src/test/mir-opt/const_prop/mutable_variable_aggregate_partial_read.rs&quot; &quot;-Zthreads=1&quot; &quot;--target=x86_64-unknown-linux-gnu&quot; &quot;-Zdump-mir=all&quot; &quot;-Zmir-opt-level=3&quot; &quot;-Zvalidate-mir&quot; &quot;-Zdump-mir-exclude-pass-number&quot;\n &quot;-Zdump-mir-dir=/mnt/videos/others/rust/build/x86_64-unknown-linux-gnu/test/mir-opt/const_prop/mutable_variable_aggregate_partial_read&quot; &quot;-C&quot; &quot;prefer-dynamic&quot; &quot;--out-dir&quot; &quot;/mnt/videos/others/rust/build/x86_64-unknown-linux-gnu/test/mir-opt/const_prop/mutable_variable_aggregate_partial_read&quot; &quot;-Crpath&quot; &quot;-Cdebuginfo=0\n&quot; &quot;-Zunstable-options&quot; &quot;-Lnative=/mnt/videos/others/rust/build/x86_64-unknown-linux-gnu/native/rust-test-helpers&quot; &quot;-O&quot; &quot;-L&quot; &quot;/mnt/videos/others/rust/build/x86_64-unknown-linux-gnu/test/mir-opt/const_prop/mutable_variable_aggregate_partial_read/auxiliary&quot;\nstdout:\n------------------------------------------\n\n------------------------------------------\nstderr:\n------------------------------------------\nwarning: unused variable: `y`\n --&gt; /mnt/videos/others/rust/src/test/mir-opt/const_prop/mutable_variable_aggregate_partial_read.rs:8:9\n  |\n8 |     let y = x.1;\n  |         ^ help: if this is intentional, prefix it with an underscore: `_y`\n  |\n  = note: `#[warn(unused_variables)]` on by default\n\nerror: linking with `cc` failed: exit code: 1\n  |\n  = note: &quot;cc&quot; &quot;-Wl,--as-needed&quot; &quot;-Wl,-z,noexecstack&quot; &quot;-m64&quot; &quot;-Wl,--eh-frame-hdr&quot; &quot;-L&quot; &quot;/mnt/videos/others/rust/build/x86_64-unknown-linux-gnu/stage1/lib/rustlib/x86_64-unknown-linux-gnu/lib&quot; &quot;/mnt/videos/others/rust/build/x86_64-unknown-linux-gnu/test/mir-opt/const_prop/mutable_variable_aggregate_partial_read/muta\nble_variable_aggregate_partial_read.mutable_variable_aggregate_partial_read.7rcbfp3g-cgu.0.rcgu.o&quot; &quot;/mnt/videos/others/rust/build/x86_64-unknown-linux-gnu/test/mir-opt/const_prop/mutable_variable_aggregate_partial_read/mutable_variable_aggregate_partial_read.mutable_variable_aggregate_partial_read.7rcbfp3g-cgu.1.rc\ngu.o&quot; &quot;/mnt/videos/others/rust/build/x86_64-unknown-linux-gnu/test/mir-opt/const_prop/mutable_variable_aggregate_partial_read/mutable_variable_aggregate_partial_read.mutable_variable_aggregate_partial_read.7rcbfp3g-cgu.2.rcgu.o&quot; &quot;/mnt/videos/others/rust/build/x86_64-unknown-linux-gnu/test/mir-opt/const_prop/mutable\n_variable_aggregate_partial_read/mutable_variable_aggregate_partial_read.mutable_variable_aggregate_partial_read.7rcbfp3g-cgu.3.rcgu.o&quot; &quot;/mnt/videos/others/rust/build/x86_64-unknown-linux-gnu/test/mir-opt/const_prop/mutable_variable_aggregate_partial_read/mutable_variable_aggregate_partial_read.mutable_variable_agg\nregate_partial_read.7rcbfp3g-cgu.4.rcgu.o&quot; &quot;/mnt/videos/others/rust/build/x86_64-unknown-linux-gnu/test/mir-opt/const_prop/mutable_variable_aggregate_partial_read/mutable_variable_aggregate_partial_read.mutable_variable_aggregate_partial_read.7rcbfp3g-cgu.5.rcgu.o&quot; &quot;/mnt/videos/others/rust/build/x86_64-unknown-linu\nx-gnu/test/mir-opt/const_prop/mutable_variable_aggregate_partial_read/mutable_variable_aggregate_partial_read.mutable_variable_aggregate_partial_read.7rcbfp3g-cgu.6.rcgu.o&quot; &quot;-o&quot; &quot;/mnt/videos/others/rust/build/x86_64-unknown-linux-gnu/test/mir-opt/const_prop/mutable_variable_aggregate_partial_read/mutable_variable_a\nggregate_partial_read&quot; &quot;-Wl,--gc-sections&quot; &quot;-pie&quot; &quot;-Wl,-zrelro&quot; &quot;-Wl,-znow&quot; &quot;-Wl,-O1&quot; &quot;-nodefaultlibs&quot; &quot;-L&quot; &quot;/mnt/videos/others/rust/build/x86_64-unknown-linux-gnu/native/rust-test-helpers&quot; &quot;-L&quot; &quot;/mnt/videos/others/rust/build/x86_64-unknown-linux-gnu/test/mir-opt/const_prop/mutable_variable_aggregate_partial_read/a\nuxiliary&quot; &quot;-L&quot; &quot;/mnt/videos/others/rust/build/x86_64-unknown-linux-gnu/stage1/lib/rustlib/x86_64-unknown-linux-gnu/lib&quot; &quot;-Wl,--start-group&quot; &quot;-L&quot; &quot;/mnt/videos/others/rust/build/x86_64-unknown-linux-gnu/stage1/lib/rustlib/x86_64-unknown-linux-gnu/lib&quot; &quot;-lstd-c92c2550b570c067&quot; &quot;-Wl,--end-group&quot; &quot;-Wl,-Bstatic&quot; &quot;/mnt/vi\ndeos/others/rust/build/x86_64-unknown-linux-gnu/stage1/lib/rustlib/x86_64-unknown-linux-gnu/lib/libcompiler_builtins-39695e8cfb1bcdf3.rlib&quot; &quot;-Wl,-Bdynamic&quot; &quot;-lgcc_s&quot; &quot;-lutil&quot; &quot;-lrt&quot; &quot;-lpthread&quot; &quot;-lm&quot; &quot;-ldl&quot; &quot;-lc&quot; &quot;-Wl,-rpath,$ORIGIN/../../../../stage1/lib/rustlib/x86_64-unknown-linux-gnu/lib&quot; &quot;-Wl,-rpath,/mnt/video\ns/others/rust/lib/rustlib/x86_64-unknown-linux-gnu/lib&quot; &quot;-Wl,--enable-new-dtags&quot;\n  = note: cc: error: /mnt/videos/others/rust/build/x86_64-unknown-linux-gnu/test/mir-opt/const_prop/mutable_variable_aggregate_partial_read/mutable_variable_aggregate_partial_read.mutable_variable_aggregate_partial_read.7rcbfp3g-cgu.0.rcgu.o: No such file or directory\n          cc: error: /mnt/videos/others/rust/build/x86_64-unknown-linux-gnu/test/mir-opt/const_prop/mutable_variable_aggregate_partial_read/mutable_variable_aggregate_partial_read.mutable_variable_aggregate_partial_read.7rcbfp3g-cgu.2.rcgu.o: No such file or directory\n          cc: error: /mnt/videos/others/rust/build/x86_64-unknown-linux-gnu/test/mir-opt/const_prop/mutable_variable_aggregate_partial_read/mutable_variable_aggregate_partial_read.mutable_variable_aggregate_partial_read.7rcbfp3g-cgu.4.rcgu.o: No such file or directory\n          cc: error: /mnt/videos/others/rust/build/x86_64-unknown-linux-gnu/test/mir-opt/const_prop/mutable_variable_aggregate_partial_read/mutable_variable_aggregate_partial_read.mutable_variable_aggregate_partial_read.7rcbfp3g-cgu.5.rcgu.o: No such file or directory\n</code></pre></div>",
        "id": 214593324,
        "sender_full_name": "vn-ki",
        "timestamp": 1603727879
    },
    {
        "content": "<p>Never mind, it fixed itself somehow</p>",
        "id": 214596267,
        "sender_full_name": "vn-ki",
        "timestamp": 1603729106
    }
]