[
    {
        "content": "<p>I want to build rust from source 1.44.1 on 7u.And I got a lot of test fails during my build time. Does it affect my rust normal working?<br>\nWhen running </p>\n<div class=\"codehilite\"><pre><span></span><code>build/x86_64-unknown-linux-gnu/stage2-tools/x86_64-unknown-linux-gnu/release/deps/testsuite-bb2a3783387d4876.\n</code></pre></div>\n\n\n<p>It has a lot of FAILED in test such as test build, test config test check and other.<br>\nAnd also has failed in test net:<br>\nAnd it shows  error like below:</p>\n<div class=\"codehilite\"><pre><span></span><code>---- net::tcp::tests::double_bind stdout ----\nthread &#39;&lt;unnamed&gt;&#39; panicked at &#39;received error for `TcpListener::bind(&amp;addr)`: Address family not supported by protocol (os error 97)&#39;, src/libstd/net/tcp.rs:1293:29\n</code></pre></div>\n\n\n<p>And it also has below:<br>\n test [run-make] run-make-fulldeps/sysroot-crates-are-unstable ... FAILED.<br>\nAnd it shows error like below:</p>\n<div class=\"codehilite\"><pre><span></span><code>stderr:\n------------------------------------------\nTraceback (most recent call last):\n  File &quot;test.py&quot;, line 54, in &lt;module&gt;\n    libs = get_all_libs(join(sysroot, &#39;lib/rustlib/{}/lib&#39;.format(os.environ[&#39;TARGET&#39;])))\n  File &quot;test.py&quot;, line 49, in get_all_libs\n    for f in listdir(dir_path)\nFileNotFoundError: [Errno 2] No such file or directory: &#39;lib/rustlib/x86_64-unknown-linux-gnu/lib&#39;\nmake: *** [Makefile:2: all] Error 1\n</code></pre></div>\n\n\n<p>And it also has error on test client:<br>\nfailures:<br>\n    client_all_features<br>\n    client_all_targets<br>\n    client_bin_lib_project<br>\n    client_borrow_error<br>\n    client_changing_workspace_lib_retains_diagnostics<br>\n    client_dependency_typo_and_fix<br>\n    client_features<br>\n    client_find_all_refs_no_cfg_test<br>\n    client_find_impls<br>\n    client_highlight<br>\n    client_hover<br>\n    client_implicit_workspace_pick_up_lib_changes<br>\n    client_infer_lib<br>\n    client_init_with_configuration_camel_case<br>\n    client_init_with_configuration_kebab_case<br>\n    client_init_with_configuration_mixed_case<br>\n    client_init_with_configuration_snake_case<br>\n    client_lens_run<br>\n    client_multiple_binaries<br>\n    client_no_default_features<br>\n    client_rename<br>\n    client_test_complete_self_crate_name<br>\n    client_test_infer_bin<br>\n    client_test_infer_custom_bin<br>\n    client_test_infer_lib<br>\n    client_test_simple_workspace<br>\n    client_use_statement_completion_doesnt_suggest_arguments<br>\n    client_workspace_symbol.</p>\n<p>Does it affect rust normal fucntion?<br>\nHow should i fix it?</p>",
        "id": 202924152,
        "sender_full_name": "lzx",
        "timestamp": 1593959891
    },
    {
        "content": "<p>It would be helpful to see the (end of) the log -- the test names don't tell us much, but there should be a section of stderr/stdout outputs from each test at the end</p>",
        "id": 202924333,
        "sender_full_name": "simulacrum",
        "timestamp": 1593960194
    },
    {
        "content": "<p>also the \"header\" - whatever is printed before the tests start. someone on Discord suggested these might be <code>rls</code> tests but I couldn't tell from the list</p>",
        "id": 202925066,
        "sender_full_name": "eddyb",
        "timestamp": 1593961362
    },
    {
        "content": "<p>they're definitely not <code>src/test</code> tests, because the output from those looks different</p>",
        "id": 202925075,
        "sender_full_name": "eddyb",
        "timestamp": 1593961386
    }
]