[
    {
        "content": "<p>I fixed <a href=\"https://github.com/rust-lang/rust/issues/80992\">#80992</a> in <a href=\"https://github.com/rust-lang/rust/pull/81040\">https://github.com/rust-lang/rust/pull/81040</a> and I'm now trying to add a test. Currently I have this file:</p>\n<div class=\"codehilite\"><pre><span></span><code>// compile-flags:--test\n\npub fn test() -&gt; Result&lt;(), ()&gt; {\n    //! ```\n    //! fn test() -&gt; Result&lt; {}\n    //! ```\n    Ok(())\n}\n</code></pre></div>\n<p>This is the stdout file</p>\n<div class=\"codehilite\"><pre><span></span><code>running 0 tests\n\ntest result: ok. 0 passed; 0 failed; 0 ignored; 0 measured; 0 filtered out; finished in 0.00s\n\n\nrunning 1 test\ntest src/lib.rs - test (line 2) ... FAILED\n\nfailures:\n\n---- $DIR/issue-80992.rs - test (line 2) stdout ----\nerror: expected one of `,`, `:`, `=`, or `&gt;`, found `}`\n  --&gt; src/lib.rs:4:1\n   |\nLL | fn test() -&gt; Result&lt; {}\n   |                        - expected one of `,`, `:`, `=`, or `&gt;`\nLL | } _doctest_main_src_lib_rs_2_0() }\n   | ^ unexpected token\n\nerror: aborting due to previous error\n\nCouldn&#39;t compile the test.\n\nfailures:\n    src/lib.rs - test (line 2)\n\ntest result: FAILED. 0 passed; 1 failed; 0 ignored; 0 measured; 0 filtered out; finished in $TIME\n</code></pre></div>\n<p>When I run the test it fails but the error message doesn't say (or at least I can't see it) what's wrong. Output of <code>./x.py test --stage 1 src/test/rustdoc-ui/issue-80992.rs</code>:</p>\n<div class=\"codehilite\"><pre><span></span><code>Updating only changed submodules\nSubmodules updated in 0.02 seconds\n    Finished dev [unoptimized + debuginfo] target(s) in 0.08s\nBuilding stage0 std artifacts (x86_64-unknown-linux-gnu -&gt; x86_64-unknown-linux-gnu)\n    Finished release [optimized + debuginfo] target(s) in 0.08s\nCopying stage0 std from stage0 (x86_64-unknown-linux-gnu -&gt; x86_64-unknown-linux-gnu / x86_64-unknown-linux-gnu)\nBuilding stage0 compiler artifacts (x86_64-unknown-linux-gnu -&gt; x86_64-unknown-linux-gnu)\n    Finished release [optimized + debuginfo] target(s) in 0.12s\nCopying stage0 rustc from stage0 (x86_64-unknown-linux-gnu -&gt; x86_64-unknown-linux-gnu / x86_64-unknown-linux-gnu)\nAssembling stage1 compiler (x86_64-unknown-linux-gnu)\nBuilding stage1 std artifacts (x86_64-unknown-linux-gnu -&gt; x86_64-unknown-linux-gnu)\n    Finished release [optimized + debuginfo] target(s) in 0.08s\nCopying stage1 std from stage1 (x86_64-unknown-linux-gnu -&gt; x86_64-unknown-linux-gnu / x86_64-unknown-linux-gnu)\nBuilding stage0 tool compiletest (x86_64-unknown-linux-gnu)\n    Finished release [optimized + debuginfo] target(s) in 0.08s\nBuilding rustdoc for stage1 (x86_64-unknown-linux-gnu)\n    Finished release [optimized + debuginfo] target(s) in 0.08s\nCheck compiletest suite=rustdoc-ui mode=ui (x86_64-unknown-linux-gnu -&gt; x86_64-unknown-linux-gnu)\n\nrunning 1 test\nF\nfailures:\n\n---- [ui] rustdoc-ui/issue-80992.rs stdout ----\n\nerror: Error: expected failure status (Some(1)) but received status Some(101).\nstatus: exit code: 101\ncommand: &quot;/home/omer/rust/rust/build/x86_64-unknown-linux-gnu/stage1/bin/rustdoc&quot; &quot;/home/omer/rust/rust/src/test/rustdoc-ui/issue-80992.rs&quot; &quot;-Zthreads=1&quot; &quot;--target=x86_64-unknown-linux-gnu&quot; &quot;--error-format&quot; &quot;json&quot; &quot;-Zui-testing&quot; &quot;-Zdeduplicate-diagnostics=no&quot; &quot;-Zemit-future-incompat-report&quot; &quot;-o&quot; &quot;/home/omer/rust/rust/build/x86_64-unknown-linux-gnu/test/rustdoc-ui/issue-80992&quot; &quot;-Cdebuginfo=0&quot; &quot;-Zunstable-options&quot; &quot;-Lnative=/home/omer/rust/rust/build/x86_64-unknown-linux-gnu/native/rust-test-helpers&quot; &quot;--test&quot; &quot;-L&quot; &quot;/home/omer/rust/rust/build/x86_64-unknown-linux-gnu/test/rustdoc-ui/issue-80992/auxiliary&quot;\nstdout:\n------------------------------------------\n\nrunning 1 test\ntest src/test/rustdoc-ui/issue-80992.rs - test (line 4) ... FAILED\n\nfailures:\n\n---- src/test/rustdoc-ui/issue-80992.rs - test (line 4) stdout ----\nerror: expected one of `,`, `:`, `=`, or `&gt;`, found `}`\n  --&gt; src/test/rustdoc-ui/issue-80992.rs:6:1\n   |\nLL | fn test() -&gt; Result&lt; {}\n   |                        - expected one of `,`, `:`, `=`, or `&gt;`\nLL | } _doctest_main_src_test_rustdoc_ui_issue_80992_rs_4_0() }\n   | ^ unexpected token\n\nerror: aborting due to previous error\n\nCouldn&#39;t compile the test.\n\nfailures:\n    src/test/rustdoc-ui/issue-80992.rs - test (line 4)\n\ntest result: FAILED. 0 passed; 1 failed; 0 ignored; 0 measured; 0 filtered out; finished in 0.02s\n\n\n------------------------------------------\nstderr:\n------------------------------------------\n\n------------------------------------------\n\n\n\nfailures:\n    [ui] rustdoc-ui/issue-80992.rs\n\ntest result: FAILED. 0 passed; 1 failed; 0 ignored; 0 measured; 95 filtered out; finished in 0.05s\n\nSome tests failed in compiletest suite=rustdoc-ui mode=ui host=x86_64-unknown-linux-gnu target=x86_64-unknown-linux-gnu\n\n\ncommand did not execute successfully: &quot;/home/omer/rust/rust/build/x86_64-unknown-linux-gnu/stage0-tools-bin/compiletest&quot; &quot;--compile-lib-path&quot; &quot;/home/omer/rust/rust/build/x86_64-unknown-linux-gnu/stage1/lib&quot; &quot;--run-lib-path&quot; &quot;/home/omer/rust/rust/build/x86_64-unknown-linux-gnu/stage1/lib/rustlib/x86_64-unknown-linux-gnu/lib&quot; &quot;--rustc-path&quot; &quot;/home/omer/rust/rust/build/x86_64-unknown-linux-gnu/stage1/bin/rustc&quot; &quot;--rustdoc-path&quot; &quot;/home/omer/rust/rust/build/x86_64-unknown-linux-gnu/stage1/bin/rustdoc&quot; &quot;--src-base&quot; &quot;/home/omer/rust/rust/src/test/rustdoc-ui&quot; &quot;--build-base&quot; &quot;/home/omer/rust/rust/build/x86_64-unknown-linux-gnu/test/rustdoc-ui&quot; &quot;--stage-id&quot; &quot;stage1-x86_64-unknown-linux-gnu&quot; &quot;--suite&quot; &quot;rustdoc-ui&quot; &quot;--mode&quot; &quot;ui&quot; &quot;--target&quot; &quot;x86_64-unknown-linux-gnu&quot; &quot;--host&quot; &quot;x86_64-unknown-linux-gnu&quot; &quot;--llvm-filecheck&quot; &quot;/home/omer/Downloads/clang+llvm-10.0.0-x86_64-linux-gnu-ubuntu-18.04/bin/FileCheck&quot; &quot;--nodejs&quot; &quot;/home/omer/bin/node&quot; &quot;--host-rustcflags&quot; &quot;-Cdebuginfo=0 -Zunstable-options  -Lnative=/home/omer/rust/rust/build/x86_64-unknown-linux-gnu/native/rust-test-helpers&quot; &quot;--target-rustcflags&quot; &quot;-Cdebuginfo=0 -Zunstable-options  -Lnative=/home/omer/rust/rust/build/x86_64-unknown-linux-gnu/native/rust-test-helpers&quot; &quot;--docck-python&quot; &quot;/usr/bin/python&quot; &quot;--lldb-python&quot; &quot;/usr/bin/python&quot; &quot;--gdb&quot; &quot;/usr/bin/gdb&quot; &quot;issue-80992.rs&quot; &quot;--quiet&quot; &quot;--llvm-version&quot; &quot;10.0.0&quot; &quot;--llvm-components&quot; &quot;aarch64 aarch64asmparser aarch64codegen aarch64desc aarch64disassembler aarch64info aarch64utils aggressiveinstcombine all all-targets amdgpu amdgpuasmparser amdgpucodegen amdgpudesc amdgpudisassembler amdgpuinfo amdgpuutils analysis arm armasmparser armcodegen armdesc armdisassembler arminfo armutils asmparser asmprinter binaryformat bitreader bitstreamreader bitwriter bpf bpfasmparser bpfcodegen bpfdesc bpfdisassembler bpfinfo cfguard codegen core coroutines coverage debuginfocodeview debuginfodwarf debuginfogsym debuginfomsf debuginfopdb demangle dlltooldriver dwarflinker engine executionengine frontendopenmp fuzzmutate globalisel hexagon hexagonasmparser hexagoncodegen hexagondesc hexagondisassembler hexagoninfo instcombine instrumentation interpreter ipo irreader jitlink lanai lanaiasmparser lanaicodegen lanaidesc lanaidisassembler lanaiinfo libdriver lineeditor linker lto mc mca mcdisassembler mcjit mcparser mips mipsasmparser mipscodegen mipsdesc mipsdisassembler mipsinfo mirparser msp430 msp430asmparser msp430codegen msp430desc msp430disassembler msp430info native nativecodegen nvptx nvptxcodegen nvptxdesc nvptxinfo objcarcopts object objectyaml option orcerror orcjit passes powerpc powerpcasmparser powerpccodegen powerpcdesc powerpcdisassembler powerpcinfo profiledata remarks riscv riscvasmparser riscvcodegen riscvdesc riscvdisassembler riscvinfo riscvutils runtimedyld scalaropts selectiondag sparc sparcasmparser sparccodegen sparcdesc sparcdisassembler sparcinfo support symbolize systemz systemzasmparser systemzcodegen systemzdesc systemzdisassembler systemzinfo tablegen target textapi transformutils vectorize webassembly webassemblyasmparser webassemblycodegen webassemblydesc webassemblydisassembler webassemblyinfo windowsmanifest x86 x86asmparser x86codegen x86desc x86disassembler x86info x86utils xcore xcorecodegen xcoredesc xcoredisassembler xcoreinfo xray&quot; &quot;--system-llvm&quot; &quot;--cc&quot; &quot;&quot; &quot;--cxx&quot; &quot;&quot; &quot;--cflags&quot; &quot;&quot; &quot;--adb-path&quot; &quot;adb&quot; &quot;--adb-test-dir&quot; &quot;/data/tmp/work&quot; &quot;--android-cross-path&quot; &quot;&quot;\nexpected success, got: exit code: 1\n\n\nfailed to run: /home/omer/rust/rust/build/bootstrap/debug/bootstrap test --stage 1 src/test/rustdoc-ui/issue-80992.rs\nBuild completed unsuccessfully in 0:00:00\n</code></pre></div>\n<p>Any tips?</p>",
        "id": 222854551,
        "sender_full_name": "osa1",
        "timestamp": 1610716153
    },
    {
        "content": "<p><span class=\"user-mention\" data-user-id=\"119169\">@osa1</span> I think you want to add <code>compile_fail</code> to the code block</p>",
        "id": 222889050,
        "sender_full_name": "Joshua Nelson",
        "timestamp": 1610730129
    },
    {
        "content": "<p>otherwise the compiler tries to compile the test but fails, which rustdoc counts as an error</p>",
        "id": 222889079,
        "sender_full_name": "Joshua Nelson",
        "timestamp": 1610730142
    },
    {
        "content": "<p>Hm, I guess that would also work, though I can't check the error message if I do that. In any case, even with that I can't make this work. Test:</p>\n<div class=\"codehilite\"><pre><span></span><code>// compile-flags:--test\n\npub fn test() -&gt; Result&lt;(), ()&gt; {\n    //! ```compile_fail\n    //! fn test() -&gt; Result&lt; {}\n    //! ```\n    Ok(())\n}\n</code></pre></div>\n<p>.stdout file:</p>\n<div class=\"codehilite\"><pre><span></span><code>running 1 test\ntest $DIR/issue-80992.rs - test (line 4) ... ok\n\ntest result: ok. 1 passed; 0 failed; 0 ignored; 0 measured; 0 filtered out; finished in $TIME\n</code></pre></div>\n<p>The test still fails and I have no idea why.</p>",
        "id": 222957024,
        "sender_full_name": "osa1",
        "timestamp": 1610768819
    },
    {
        "content": "<p>OK, found it. I have to normalize the stdout file manually. I thought that's done automatically somehow.</p>",
        "id": 222957159,
        "sender_full_name": "osa1",
        "timestamp": 1610768983
    },
    {
        "content": "<p>can you post the error?</p>",
        "id": 222957160,
        "sender_full_name": "Joshua Nelson",
        "timestamp": 1610768984
    },
    {
        "content": "<p><span class=\"user-mention\" data-user-id=\"232545\">@Joshua Nelson</span> I just needed these lines:</p>\n<div class=\"codehilite\"><pre><span></span><code>// normalize-stdout-test: &quot;src/test/rustdoc-ui&quot; -&gt; &quot;$$DIR&quot;\n// normalize-stdout-test &quot;finished in \\d+\\.\\d+s&quot; -&gt; &quot;finished in $$TIME&quot;\n</code></pre></div>",
        "id": 222957166,
        "sender_full_name": "osa1",
        "timestamp": 1610768996
    },
    {
        "content": "<p>I can perhaps use the failing test now (instead of <code>compile_fail</code>). I'll try that now.</p>",
        "id": 222957216,
        "sender_full_name": "osa1",
        "timestamp": 1610769019
    },
    {
        "content": "<p>Maybe this is fine though, as compile_fail is also panicking in master branch and my PR fixes it.<br>\nThanks for the help <span class=\"user-mention\" data-user-id=\"232545\">@Joshua Nelson</span> !</p>",
        "id": 222957239,
        "sender_full_name": "osa1",
        "timestamp": 1610769067
    },
    {
        "content": "<p>Ugh wait... That's not it, I was running another test.. :sigh: Sorry it's 6AM here..</p>",
        "id": 222957257,
        "sender_full_name": "osa1",
        "timestamp": 1610769121
    },
    {
        "content": "<p>feel free to wait until tomorrow haha</p>",
        "id": 222957309,
        "sender_full_name": "Joshua Nelson",
        "timestamp": 1610769152
    },
    {
        "content": "<p>Let me paste the current files. Test:</p>\n<div class=\"codehilite\"><pre><span></span><code>// compile-flags:--test\n// normalize-stdout-test: &quot;src/test/rustdoc-ui&quot; -&gt; &quot;$$DIR&quot;\n// normalize-stdout-test &quot;finished in \\d+\\.\\d+s&quot; -&gt; &quot;finished in $$TIME&quot;\n\npub fn test() -&gt; Result&lt;(), ()&gt; {\n    //! ```compile_fail\n    //! fn test() -&gt; Result&lt; {}\n    //! ```\n    Ok(())\n}\n</code></pre></div>\n<p>stdout file:</p>\n<div class=\"codehilite\"><pre><span></span><code>running 1 test\ntest $DIR/issue-80992.rs - test (line 4) ... ok\n\ntest result: ok. 1 passed; 0 failed; 0 ignored; 0 measured; 0 filtered out; finished in $TIME\n</code></pre></div>\n<p>Error:</p>\n<div class=\"codehilite\"><pre><span></span><code>failures:\n\n---- [ui] rustdoc-ui/issue-80992.rs stdout ----\n\nerror: ui test compiled successfully!\nstatus: exit code: 0\ncommand: &quot;/home/omer/rust/rust/build/x86_64-unknown-linux-gnu/stage1/bin/rustdoc&quot; &quot;/home/omer/rust/rust/src/test/rustdoc-ui/issue-80992.rs&quot; &quot;-Zthreads=1&quot; &quot;--target=x86_64-unknown-linux-gnu&quot; &quot;--error-format&quot; &quot;json&quot; &quot;-Zui-testing&quot; &quot;-Zdeduplicate-diagnostics=no&quot; &quot;-Zemit-future-incompat-report&quot; &quot;-o&quot; &quot;/home/omer/rust/rust/build/x86_64-unknown-linux-gnu/test/rustdoc-ui/issue-80992&quot; &quot;-Cdebuginfo=0&quot; &quot;-Zunstable-options&quot; &quot;-Lnative=/home/omer/rust/rust/build/x86_64-unknown-linux-gnu/native/rust-test-helpers&quot; &quot;--test&quot; &quot;-L&quot; &quot;/home/omer/rust/rust/build/x86_64-unknown-linux-gnu/test/rustdoc-ui/issue-80992/auxiliary&quot;\nstdout:\n------------------------------------------\n\nrunning 1 test\ntest src/test/rustdoc-ui/issue-80992.rs - test (line 6) ... ok\n\ntest result: ok. 1 passed; 0 failed; 0 ignored; 0 measured; 0 filtered out; finished in 0.02s\n\n\n------------------------------------------\nstderr:\n------------------------------------------\n\n------------------------------------------\n\n\n\nfailures:\n    [ui] rustdoc-ui/issue-80992.rs\n\ntest result: FAILED. 0 passed; 1 failed; 0 ignored; 0 measured; 95 filtered out; finished in 0.05s\n\nSome tests failed in compiletest suite=rustdoc-ui mode=ui host=x86_64-unknown-linux-gnu target=x86_64-unknown-linux-gnu\n\n\ncommand did not execute successfully: &quot;/home/omer/rust/rust/build/x86_64-unknown-linux-gnu/stage0-tools-bin/compiletest&quot; &quot;--compile-lib-path&quot; &quot;/home/omer/rust/rust/build/x86_64-unknown-linux-gnu/stage1/lib&quot; &quot;--run-lib-path&quot; &quot;/home/omer/rust/rust/build/x86_64-unknown-linux-gnu/stage1/lib/rustlib/x86_64-unknown-linux-gnu/lib&quot; &quot;--rustc-path&quot; &quot;/home/omer/rust/rust/build/x86_64-unknown-linux-gnu/stage1/bin/rustc&quot; &quot;--rustdoc-path&quot; &quot;/home/omer/rust/rust/build/x86_64-unknown-linux-gnu/stage1/bin/rustdoc&quot; &quot;--src-base&quot; &quot;/home/omer/rust/rust/src/test/rustdoc-ui&quot; &quot;--build-base&quot; &quot;/home/omer/rust/rust/build/x86_64-unknown-linux-gnu/test/rustdoc-ui&quot; &quot;--stage-id&quot; &quot;stage1-x86_64-unknown-linux-gnu&quot; &quot;--suite&quot; &quot;rustdoc-ui&quot; &quot;--mode&quot; &quot;ui&quot; &quot;--target&quot; &quot;x86_64-unknown-linux-gnu&quot; &quot;--host&quot; &quot;x86_64-unknown-linux-gnu&quot; &quot;--llvm-filecheck&quot; &quot;/home/omer/Downloads/clang+llvm-10.0.0-x86_64-linux-gnu-ubuntu-18.04/bin/FileCheck&quot; &quot;--nodejs&quot; &quot;/home/omer/bin/node&quot; &quot;--host-rustcflags&quot; &quot;-Cdebuginfo=0 -Zunstable-options  -Lnative=/home/omer/rust/rust/build/x86_64-unknown-linux-gnu/native/rust-test-helpers&quot; &quot;--target-rustcflags&quot; &quot;-Cdebuginfo=0 -Zunstable-options  -Lnative=/home/omer/rust/rust/build/x86_64-unknown-linux-gnu/native/rust-test-helpers&quot; &quot;--docck-python&quot; &quot;/usr/bin/python&quot; &quot;--lldb-python&quot; &quot;/usr/bin/python&quot; &quot;--gdb&quot; &quot;/usr/bin/gdb&quot; &quot;issue-80992.rs&quot; &quot;--quiet&quot; &quot;--llvm-version&quot; &quot;10.0.0&quot; &quot;--llvm-components&quot; &quot;aarch64 aarch64asmparser aarch64codegen aarch64desc aarch64disassembler aarch64info aarch64utils aggressiveinstcombine all all-targets amdgpu amdgpuasmparser amdgpucodegen amdgpudesc amdgpudisassembler amdgpuinfo amdgpuutils analysis arm armasmparser armcodegen armdesc armdisassembler arminfo armutils asmparser asmprinter binaryformat bitreader bitstreamreader bitwriter bpf bpfasmparser bpfcodegen bpfdesc bpfdisassembler bpfinfo cfguard codegen core coroutines coverage debuginfocodeview debuginfodwarf debuginfogsym\ndebuginfomsf debuginfopdb demangle dlltooldriver dwarflinker engine executionengine frontendopenmp fuzzmutate globalisel hexagon hexagonasmparser hexagoncodegen hexagondesc hexagondisassembler hexagoninfo instcombine instrumentation interpreter ipo irreader jitlink lanai lanaiasmparser lanaicodegen lanaidesc lanaidisassembler lanaiinfo libdriver lineeditor linker lto mc mca mcdisassembler mcjit mcparser mips mipsasmparser mipscodegen mipsdesc mipsdisassembler mipsinfo mirparser msp430 msp430asmparser msp430codegen msp430desc msp430disassembler msp430info native nativecodegen nvptx\nnvptxcodegen nvptxdesc nvptxinfo objcarcopts object objectyaml option orcerror orcjit passes powerpc powerpcasmparser powerpccodegen powerpcdesc powerpcdisassembler powerpcinfo profiledata remarks riscv riscvasmparser riscvcodegen riscvdesc riscvdisassembler riscvinfo riscvutils runtimedyld scalaropts selectiondag sparc sparcasmparser sparccodegen sparcdesc sparcdisassembler sparcinfo support symbolize systemz systemzasmparser systemzcodegen systemzdesc systemzdisassembler systemzinfo tablegen target textapi transformutils vectorize webassembly webassemblyasmparser webassemblycodegen webassemblydesc webassemblydisassembler webassemblyinfo windowsmanifest x86 x86asmparser x86codegen x86desc x86disassembler x86info x86utils xcore xcorecodegen xcoredesc xcoredisassembler xcoreinfo xray&quot; &quot;--system-llvm&quot; &quot;--cc&quot; &quot;&quot; &quot;--cxx&quot; &quot;&quot; &quot;--cflags&quot; &quot;&quot; &quot;--adb-path&quot; &quot;adb&quot; &quot;--adb-test-dir&quot;\n&quot;/data/tmp/work&quot; &quot;--android-cross-path&quot; &quot;&quot;\n</code></pre></div>",
        "id": 222957315,
        "sender_full_name": "osa1",
        "timestamp": 1610769165
    },
    {
        "content": "<p>I think you need <code>// check-pass</code> at the top</p>",
        "id": 222957340,
        "sender_full_name": "Joshua Nelson",
        "timestamp": 1610769208
    },
    {
        "content": "<p>OK, that helped, I now get a diff of expected vs. found</p>",
        "id": 222957414,
        "sender_full_name": "osa1",
        "timestamp": 1610769277
    },
    {
        "content": "<p>.. and it passes. Thanks!</p>",
        "id": 222957431,
        "sender_full_name": "osa1",
        "timestamp": 1610769306
    }
]