[
    {
        "content": "<p>Hi folks!  This PR I'm the reviewer on hit a very strange CI failure, so I'm posting here in hopes someone knows where it should go.</p>\n<p><a href=\"https://github.com/rust-lang/rust/runs/5211800302?check_suite_focus=true\">https://github.com/rust-lang/rust/runs/5211800302?check_suite_focus=true</a></p>\n<div class=\"codehilite\"><pre><span></span><code>    Finished release [optimized] target(s) in 10.10s\n    Checking std v0.0.0 (/checkout/library/std)\n Documenting proc_macro v0.0.0 (/checkout/library/proc_macro)\nerror[E0773]: attempted to define built-in macro more than once\n    --&gt; /checkout/library/core/src/macros/mod.rs:1306:5\n     |\n1306 | /     macro_rules! cfg {\n1307 | |         ($($cfg:tt)*) =&gt; {\n1308 | |             /* compiler built-in */\n1309 | |         };\n1310 | |     }\n     | |_____^\n     |\nnote: previously defined here\n    --&gt; /checkout/library/core/src/macros/mod.rs:1306:5\n     |\n1306 | /     macro_rules! cfg {\n1307 | |         ($($cfg:tt)*) =&gt; {\n1308 | |             /* compiler built-in */\n1309 | |         };\n1310 | |     }\n     | |_____^\n\nthread &#39;rustc&#39; panicked at &#39;index out of bounds: the len is 20 but the index is 20&#39;, compiler/rustc_metadata/src/creader.rs:139:21\nnote: run with `RUST_BACKTRACE=1` environment variable to display a backtrace\n\nerror: internal compiler error: unexpected panic\n\nerror: Unrecognized option: &#39;markdown-css&#39;\n\nFor more information about this error, try `rustc --explain E0773`.\nerror: could not document `proc_macro`\n\nCaused by:\n  process didn&#39;t exit successfully: `/checkout/obj/build/bootstrap/debug/rustdoc --edition=2021 --crate-type lib --crate-name proc_macro library/proc_macro/src/lib.rs --target x86_64-unknown-linux-gnu -o /checkout/obj/build/x86_64-unknown-linux-gnu/stage0-std/x86_64-unknown-linux-gnu/doc --error-format=json --json=diagnostic-rendered-ansi,future-incompat --markdown-css rust.css --markdown-no-toc -Z unstable-options --resource-suffix 1.60.0 --index-page /checkout/src/doc/index.md -C metadata=030f61473e41e060 -L dependency=/checkout/obj/build/x86_64-unknown-linux-gnu/stage0-std/x86_64-unknown-linux-gnu/release/deps -L dependency=/checkout/obj/build/x86_64-unknown-linux-gnu/stage0-std/release/deps --extern std=/checkout/obj/build/x86_64-unknown-linux-gnu/stage0-std/x86_64-unknown-linux-gnu/release/deps/libstd-8ecdf0b3fdf1770d.rmeta --cfg=bootstrap -Csymbol-mangling-version=legacy -Zunstable-options -Dwarnings &#39;-Wrustdoc::invalid_codeblock_attributes&#39; --crate-version &#39;1.60.0-nightly\n  (29f6d4c13\n  2022-02-16)&#39; &#39;-Zcrate-attr=doc(html_root_url=&quot;https://doc.rust-lang.org/nightly/&quot;)&#39;` (exit status: 1)\nBuild completed unsuccessfully in 0:00:39\n</code></pre></div>\n<p>The duplicate definition error points to the same place; it looks like it's an ICE reading metadata; it seems to be something about stage0 rustdoc?</p>",
        "id": 272080939,
        "sender_full_name": "scottmcm",
        "timestamp": 1644996038
    }
]