[
    {
        "content": "<p>Is there a workaround for stack overflow errors when compiling on Windows MSVC?</p>\n<p>I have a pretty beefy Windows machine configuration, so if there's a way to use more resources to address this, I should be able to physically do that.</p>\n<p>I'm trying to debug an error in <code>python x.py dist</code> in Windows MSVC, for a PR that adds a new tool.</p>\n<p>CI is breaking on the Windows MSVC build, and when I run <code>x.py dist</code> my <code>rustc</code> build consistently fails with:</p>\n<p>I'm trying to reproduce the CI error that failed to find <code>rust-demangler</code> when running <code>x.py dist</code> on Windows, but I keep running into a stack overflow before it completes the build (at least to the point of failure in CI).</p>\n<p>Is there something I can do to overcome this stack overflow error?:</p>\n<div class=\"codehilite\"><pre><span></span><code>   Compiling rustc_interface v0.0.0 (C:\\rust\\compiler\\rustc_interface)\nthread &#39;LTO module rustc_middle.btguyyk8-cgu.4&#39; has overflowed its stack\n[RUSTC-TIMING] rustc_middle test:false 1615.740\nerror: could not compile `rustc_middle`\n</code></pre></div>\n<p>See the following link for more details of the error and the complete <code>rustc</code> command that's being run.</p>\n<p><a href=\"https://github.com/rust-lang/rust/pull/83529#issuecomment-811569214\">https://github.com/rust-lang/rust/pull/83529#issuecomment-811569214</a></p>",
        "id": 232692357,
        "sender_full_name": "Rich Kadel",
        "timestamp": 1617241992
    },
    {
        "content": "<p>you could try increasing the available stack size maybe?</p>",
        "id": 232692483,
        "sender_full_name": "Joshua Nelson",
        "timestamp": 1617242110
    },
    {
        "content": "<p>that won't help if there's infinite recursion or something though</p>",
        "id": 232692499,
        "sender_full_name": "Joshua Nelson",
        "timestamp": 1617242123
    },
    {
        "content": "<p>The compiler code is unchanged from rust-lang/rust tip of tree, so I assume it's not infinite.</p>",
        "id": 232692597,
        "sender_full_name": "Rich Kadel",
        "timestamp": 1617242190
    },
    {
        "content": "<p>How do I increase available stack size? Is there a config.toml setting or something?</p>",
        "id": 232692612,
        "sender_full_name": "Rich Kadel",
        "timestamp": 1617242212
    },
    {
        "content": "<p>it could be a pre-existing bug <span aria-label=\"shrug\" class=\"emoji emoji-1f937\" role=\"img\" title=\"shrug\">:shrug:</span></p>",
        "id": 232692614,
        "sender_full_name": "Joshua Nelson",
        "timestamp": 1617242213
    },
    {
        "content": "<p><span class=\"user-mention silent\" data-user-id=\"296355\">Rich Kadel</span> <a href=\"#narrow/stream/182449-t-compiler.2Fhelp/topic/Win-MSVC.3Athread.20LTO.20module.20rustc_middle.2E.2E.2E.20overflowed.20stack/near/232692612\">said</a>:</p>\n<blockquote>\n<p>How do I increase available stack size? Is there a config.toml setting or something?</p>\n</blockquote>\n<p>it depends on your shell. In bash it's <code>ulimit -s</code></p>",
        "id": 232692645,
        "sender_full_name": "Joshua Nelson",
        "timestamp": 1617242254
    },
    {
        "content": "<p>I guess theoretically x.py should be able to set it for child processes</p>",
        "id": 232692704,
        "sender_full_name": "Joshua Nelson",
        "timestamp": 1617242287
    },
    {
        "content": "<p>OK, I'm running this from the Windows CMD shell (the special config for Visual Studio), but I'm probably far enough in the build process to try from msys2 shell, if that makes a difference</p>",
        "id": 232692747,
        "sender_full_name": "Rich Kadel",
        "timestamp": 1617242325
    },
    {
        "content": "<p>I don't know anything about resource limits on windows, sorry</p>",
        "id": 232692759,
        "sender_full_name": "Joshua Nelson",
        "timestamp": 1617242347
    },
    {
        "content": "<p>Yeah, thanks. I probably need someone more familiar with building Rustc on Windows for MSVC. Any recommendations?</p>",
        "id": 232692784,
        "sender_full_name": "Rich Kadel",
        "timestamp": 1617242381
    },
    {
        "content": "<p>I think <span class=\"user-mention\" data-user-id=\"125250\">@Wesley Wiser</span> uses windows</p>",
        "id": 232692877,
        "sender_full_name": "Joshua Nelson",
        "timestamp": 1617242419
    },
    {
        "content": "<p>Wesley would be perfect (since it's also related to coverage.</p>",
        "id": 232692936,
        "sender_full_name": "Rich Kadel",
        "timestamp": 1617242461
    },
    {
        "content": "<p>In Windows the stack size is set by the program. IIRC, unfortunately Rust uses the fallback value from the linker which is quite low (1mb). You'd need to rebuild using the <a href=\"https://docs.microsoft.com/en-us/cpp/build/reference/stack-stack-allocations?view=msvc-160\"><code>/STACK</code> linker options</a>. (or hack the binary with a PE editor...)</p>",
        "id": 232710349,
        "sender_full_name": "Chris Denton",
        "timestamp": 1617258630
    },
    {
        "content": "<p>You can use the <code>RUST_MIN_STACK</code> env var. Rustc itself already sets it to 8MB by default.</p>",
        "id": 232734321,
        "sender_full_name": "bjorn3",
        "timestamp": 1617272589
    },
    {
        "content": "<p>Thank you!</p>",
        "id": 232756237,
        "sender_full_name": "Rich Kadel",
        "timestamp": 1617283847
    },
    {
        "content": "<p>Just FYI, I pulled your PR and ran <code>python x.py dist</code> on my Windows machine and it seemed to complete that part of the compilation without issue but failed later with </p>\n<div class=\"codehilite\"><pre><span></span><code>    Finished release [optimized + debuginfo] target(s) in 52.31s\nDist rustc-1.53.0-dev-x86_64-pc-windows-msvc\n        finished in 44.008 seconds\nDist rust-std-1.53.0-dev-x86_64-pc-windows-msvc\n        finished in 20.210 seconds\nDist rustc-dev-1.53.0-dev-x86_64-pc-windows-msvc\n        finished in 148.499 seconds\nDist rust-src-1.53.0-dev\n        finished in 21.507 seconds\nDist rustc-1.53.0-dev-src\nError: failed to generate tarballs\n\nCaused by:\n    0: failed to tar file &#39;D:\\code\\rust\\build\\tmp\\tarball\\rustc\\src\\rustc-1.53.0-dev-src\\src\\test\\run-make-fulldeps\\coverage-spanview\\expected_mir_dump.used_inline_crate\\used_inline_crate.used_with_same_type_from_bin_crate_and_lib_crate_generic_function.-------.InstrumentCoverage.0.html&#39;\n    1: The system cannot find the path specified. (os error 3)\n\n\ncommand did not execute successfully: &quot;D:\\\\code\\\\rust\\\\build\\\\x86_64-pc-windows-msvc\\\\stage0-tools-bin\\\\fabricate.exe&quot; &quot;tarball&quot; &quot;--input&quot; &quot;D:\\\\code\\\\rust\\\\build\\\\tmp\\\\tarball\\\\rustc\\\\src\\\\rustc-1.53.0-dev-src&quot; &quot;--output&quot; &quot;D:\\\\code\\\\rust\\\\build\\\\dist\\\\rustc-1.53.0-dev-src&quot; &quot;--work-dir&quot; &quot;D:\\\\code\\\\rust\\\\build\\\\tmp\\\\tarball\\\\rustc\\\\src&quot;\nexpected success, got: exit code: 1\n\n\nfailed to run: D:\\code\\rust\\build\\bootstrap\\debug\\bootstrap dist\nBuild completed unsuccessfully in 0:30:46\n</code></pre></div>",
        "id": 232765755,
        "sender_full_name": "Wesley Wiser",
        "timestamp": 1617287379
    },
    {
        "content": "<p>The path to that file is exactly 260 characters. Including a null character, that is 261 characters. <code>MAX_PATH</code> is only 260 characters, so the path is just too long. Try moving the <code>rust</code> dir to the root of the <code>D:</code> drive.</p>",
        "id": 232766774,
        "sender_full_name": "bjorn3",
        "timestamp": 1617287705
    },
    {
        "content": "<p><a href=\"https://docs.microsoft.com/en-us/windows/win32/fileio/maximum-file-path-limitation\">https://docs.microsoft.com/en-us/windows/win32/fileio/maximum-file-path-limitation</a></p>",
        "id": 232766933,
        "sender_full_name": "bjorn3",
        "timestamp": 1617287760
    },
    {
        "content": "<p>Thanks <span class=\"user-mention\" data-user-id=\"125250\">@Wesley Wiser</span> ... So are you suggesting the CI failure may have been spurious? Or my attempt to replicate the failure is not getting to the point where it failed?</p>",
        "id": 232771112,
        "sender_full_name": "Rich Kadel",
        "timestamp": 1617289221
    },
    {
        "content": "<p>Also, I'm retrying the command again with the stack size change, but now I'm hitting an issue I've hit several times before on windows and never understood why. Maybe you can suggest a fix I can use for this? I'm not running any other concurrent builds, but I get:</p>\n<div class=\"codehilite\"><pre><span></span><code>thread &#39;main&#39; panicked at &#39;failed to copy\n`C:\\rust\\build\\x86_64-pc-windows-msvc\\stage0-bootstrap-tools\\x86_64-pc-windows-msvc\\release\\unstable-book-gen.exe`\n to `C:\\rust\\build\\x86_64-pc-windows-msvc\\stage0-tools-bin\\unstable-book-gen.exe`:\nThe process cannot access the file because it is being used by another process. (os error 32)&#39;,\n src\\bootstrap\\lib.rs:1206:17\n</code></pre></div>",
        "id": 232771412,
        "sender_full_name": "Rich Kadel",
        "timestamp": 1617289315
    },
    {
        "content": "<p>Regarding the CI failure, see <a href=\"https://github.com/rust-lang-ci/rust/runs/2233328748\">https://github.com/rust-lang-ci/rust/runs/2233328748</a></p>",
        "id": 232771708,
        "sender_full_name": "Rich Kadel",
        "timestamp": 1617289415
    },
    {
        "content": "<p><span class=\"user-mention silent\" data-user-id=\"296355\">Rich Kadel</span> <a href=\"#narrow/stream/182449-t-compiler.2Fhelp/topic/Win-MSVC.3Athread.20LTO.20module.20rustc_middle.2E.2E.2E.20overflowed.20stack/near/232771112\">said</a>:</p>\n<blockquote>\n<p>Thanks <span class=\"user-mention silent\" data-user-id=\"125250\">Wesley Wiser</span> ... So are you suggesting the CI failure may have been spurious? Or my attempt to replicate the failure is not getting to the point where it failed?</p>\n</blockquote>\n<p>I'm pretty sure this is what's happening.</p>",
        "id": 232775533,
        "sender_full_name": "Wesley Wiser",
        "timestamp": 1617290498
    },
    {
        "content": "<p>fyi <span class=\"user-mention\" data-user-id=\"116883\">@tmandry</span> - No closer to figuring out why <code>rust-demangler</code> is failing and I can't replicate the Windows failures locally.</p>",
        "id": 232779083,
        "sender_full_name": "Rich Kadel",
        "timestamp": 1617291858
    },
    {
        "content": "<p>Are you maybe compiling with an LLVM that's configured differently than what CI uses? Perhaps with <code>llvm.assertions = true</code>?</p>",
        "id": 232779093,
        "sender_full_name": "Wesley Wiser",
        "timestamp": 1617291861
    },
    {
        "content": "<p>I don't think so. The only llvm config I set was <code>static-libstdcpp = true</code> because that shows up in the CI logs.</p>",
        "id": 232779360,
        "sender_full_name": "Rich Kadel",
        "timestamp": 1617291962
    },
    {
        "content": "<p>But the \"used by another process\" error is something I sometimes see even when just doing a non-install build</p>",
        "id": 232779486,
        "sender_full_name": "Rich Kadel",
        "timestamp": 1617291999
    },
    {
        "content": "<p>I thought it happened so often that there must be a common fix for this. No?</p>",
        "id": 232779571,
        "sender_full_name": "Rich Kadel",
        "timestamp": 1617292034
    },
    {
        "content": "<p>I don't think I've ever seen that error on my machine.</p>",
        "id": 232780135,
        "sender_full_name": "Wesley Wiser",
        "timestamp": 1617292217
    },
    {
        "content": "<p>Do you have AV other than Windows Defender?</p>",
        "id": 232780181,
        "sender_full_name": "Wesley Wiser",
        "timestamp": 1617292237
    },
    {
        "content": "<p>It's a company-specific locked-down version, so if you think this is related to AV, maybe it is. I'm not sure what they have configured. Good idea though.</p>",
        "id": 232780426,
        "sender_full_name": "Rich Kadel",
        "timestamp": 1617292326
    },
    {
        "content": "<p>I'll just reboot...</p>",
        "id": 232780474,
        "sender_full_name": "Rich Kadel",
        "timestamp": 1617292344
    },
    {
        "content": "<p>regarding the long filename, I don't think this is related to my failing CI issue, but this is the second issue this week related to spanview files, and I just don't use them anymore (for ./x.py test) so I'm going to submit a PR to remove spanview from the coverage tests.</p>",
        "id": 232781389,
        "sender_full_name": "Rich Kadel",
        "timestamp": 1617292704
    },
    {
        "content": "<p>FYI, I finally got a successful build of your PR locally after moving my rust folder:</p>\n<div class=\"codehilite\"><pre><span></span><code>Building stage0 tool fabricate (x86_64-pc-windows-msvc)\n    Finished release [optimized + debuginfo] target(s) in 2.14s\nDist rustc-1.53.0-dev-x86_64-pc-windows-msvc\n        finished in 44.915 seconds\nDist rust-std-1.53.0-dev-x86_64-pc-windows-msvc\n        finished in 19.126 seconds\nDist rustc-dev-1.53.0-dev-x86_64-pc-windows-msvc\n        finished in 156.312 seconds\nDist rust-src-1.53.0-dev\n        finished in 21.881 seconds\nDist rustc-1.53.0-dev-src\n        finished in 814.046 seconds\nDist rust-dev-1.53.0-dev-x86_64-pc-windows-msvc\n        finished in 94.508 seconds\nBuild completed successfully in 1:21:33\n</code></pre></div>",
        "id": 232814839,
        "sender_full_name": "Wesley Wiser",
        "timestamp": 1617306685
    },
    {
        "content": "<p>Interesting. Well I don't get it. Thanks to the <code>RUST_MIN_STACK</code> fix, I was finally able to continue with:</p>\n<div class=\"codehilite\" data-code-language=\"Bash\"><pre><span></span><code>$ <span class=\"nv\">RUST_MIN_STACK</span><span class=\"o\">=</span><span class=\"m\">8388608</span> ./x.py dist\n</code></pre></div>\n<p>and it reproduced the error that CI got.</p>\n<div class=\"codehilite\"><pre><span></span><code>Dist rust-nightly-x86_64-pc-windows-msvc\n        finished in 504.748 seconds\nthread &#39;main&#39; panicked at &#39;could not read dir &quot;C:\\\\rust\\\\build\\\\tmp\\\\tarball\\\\rust\\\\x86_64-pc-windows-msvc\\\\rust-demangler-nightly-x86_64-pc-windows-msvc\\\\rust-demangler&quot;: Os { code: 3, kind: NotFound, message: &quot;The system cannot find the path specified.&quot; }&#39;, src\\bootstrap\\lib.rs:1343:25\nstack backtrace:\n   0: std::panicking::begin_panic_handler\n             at /rustc/14b27555a03f4abf9b8d80ea34f59144e2ded5e4\\/library\\std\\src\\panicking.rs:493\n   1: std::panicking::begin_panic_fmt\n             at /rustc/14b27555a03f4abf9b8d80ea34f59144e2ded5e4\\/library\\std\\src\\panicking.rs:435\n   2: bootstrap::Build::read_dir\n             at .\\src\\bootstrap\\lib.rs:1343\n   3: bootstrap::Build::cp_r\n             at .\\src\\bootstrap\\lib.rs:1238\n   4: bootstrap::dist::{{impl}}::run::{{closure}}\n             at .\\src\\bootstrap\\dist.rs:1528\n   5: bootstrap::dist::{{impl}}::run\n             at .\\src\\bootstrap\\dist.rs:1538\n   6: bootstrap::builder::Builder::ensure&lt;bootstrap::dist::Extended&gt;\n             at .\\src\\bootstrap\\builder.rs:1530\n   7: bootstrap::dist::{{impl}}::make_run\n             at .\\src\\bootstrap\\dist.rs:1311\n   8: bootstrap::builder::StepDescription::maybe_run\n             at .\\src\\bootstrap\\builder.rs:179\n   9: bootstrap::builder::StepDescription::run\n             at .\\src\\bootstrap\\builder.rs:200\n  10: bootstrap::builder::Builder::run_step_descriptions\n             at .\\src\\bootstrap\\builder.rs:574\n  11: bootstrap::builder::Builder::execute_cli\n             at .\\src\\bootstrap\\builder.rs:566\n  12: bootstrap::Build::build\n             at .\\src\\bootstrap\\lib.rs:510\n  13: bootstrap::main\n             at .\\src\\bootstrap\\bin\\main.rs:33\n  14: core::ops::function::FnOnce::call_once&lt;fn(),tuple&lt;&gt;&gt;\n             at /rustc/14b27555a03f4abf9b8d80ea34f59144e2ded5e4\\library\\core\\src\\ops\\function.rs:227\n</code></pre></div>\n<p><span class=\"user-mention\" data-user-id=\"125250\">@Wesley Wiser</span> do you have anything at that path?<br>\n<code> \"C:\\\\rust\\\\build\\\\tmp\\\\tarball\\\\rust\\\\x86_64-pc-windows-msvc\\\\rust-demangler-nightly-x86_64-pc-windows-msvc\\\\rust-demangler\"</code></p>\n<p>I have the parent directory and these contents (just not <code>rust-demangler</code>):</p>\n<div class=\"codehilite\" data-code-language=\"Bash\"><pre><span></span><code>$ ls  <span class=\"s2\">\"C:\\\\rust\\\\build\\\\tmp\\\\tarball\\\\rust\\\\x86_64-pc-windows-msvc\\\\rust-demangler-nightly-x86_64-pc-windows-msvc\"</span>\nLICENSE-APACHE  README.md   git-commit-hash  rust-demangler-preview/  version\nLICENSE-MIT     components  install.sh*      rust-installer-version\n</code></pre></div>\n<p>But notably, <code>clippy</code> (which is similar) has a similar directory and layout, and no <code>clippy</code> file in that directory either:</p>\n<div class=\"codehilite\" data-code-language=\"Bash\"><pre><span></span><code>$ ls  <span class=\"s2\">\"C:\\\\rust\\\\build\\\\tmp\\\\tarball\\\\rust\\\\x86_64-pc-windows-msvc\\\\clippy-nightly-x86_64-pc-windows-msvc\"</span>\nLICENSE-APACHE  README.md        components       install.sh*             veshell\nLICENSE-MIT     clippy-preview/  git-commit-hash  rust-installer-version\n</code></pre></div>\n<p>And if so, any idea why yours worked, but CI and me can't find that file or directory?</p>",
        "id": 232854665,
        "sender_full_name": "Rich Kadel",
        "timestamp": 1617333052
    },
    {
        "content": "<p>Because I forgot to set <code>profiler = true</code> in <code>config.toml</code> <span aria-label=\"face palm\" class=\"emoji emoji-1f926\" role=\"img\" title=\"face palm\">:face_palm:</span></p>",
        "id": 232905145,
        "sender_full_name": "Wesley Wiser",
        "timestamp": 1617373809
    },
    {
        "content": "<p>Building again ...</p>",
        "id": 232905154,
        "sender_full_name": "Wesley Wiser",
        "timestamp": 1617373813
    },
    {
        "content": "<p><span class=\"user-mention\" data-user-id=\"125250\">@Wesley Wiser</span> here's what I have in my config.toml (matching the CI builder as much as I can):</p>\n<div class=\"codehilite\" data-code-language=\"Bash\"><pre><span></span><code>$ sed -e <span class=\"s1\">'/^$/d;/^#/d'</span> config.toml\n</code></pre></div>\n<div class=\"codehilite\" data-code-language=\"TOML\"><pre><span></span><code><span class=\"n\">changelog-seen</span> <span class=\"o\">=</span> <span class=\"mi\">2</span>\n<span class=\"k\">[llvm]</span>\n<span class=\"n\">static-libstdcpp</span> <span class=\"o\">=</span> <span class=\"kc\">true</span>\n<span class=\"k\">[build]</span>\n<span class=\"n\">build</span> <span class=\"o\">=</span> <span class=\"s\">\"x86_64-pc-windows-msvc\"</span>\n<span class=\"n\">host</span> <span class=\"o\">=</span> <span class=\"k\">[\"x86_64-pc-windows-msvc\"]</span>\n<span class=\"n\">target</span> <span class=\"o\">=</span> <span class=\"k\">[\"x86_64-pc-windows-msvc\"]</span>\n<span class=\"n\">submodules</span> <span class=\"o\">=</span> <span class=\"kc\">false</span>\n<span class=\"n\">locked-deps</span> <span class=\"o\">=</span> <span class=\"kc\">true</span>\n<span class=\"n\">extended</span> <span class=\"o\">=</span> <span class=\"kc\">true</span>\n<span class=\"n\">profiler</span> <span class=\"o\">=</span> <span class=\"kc\">true</span>\n<span class=\"n\">cargo-native-static</span> <span class=\"o\">=</span> <span class=\"kc\">true</span>\n<span class=\"n\">configure-args</span> <span class=\"o\">=</span> <span class=\"k\">[ \"--build=x86_64-pc-windows-msvc\", \"--host=x86_64-pc-windows-msvc\", \"--target=x86_64-pc-windows-msvc\", \"--enable-full-tools\", \"--enable-profiler\" ]</span>\n<span class=\"n\">print-step-timings</span> <span class=\"o\">=</span> <span class=\"kc\">true</span>\n<span class=\"k\">[install]</span>\n<span class=\"n\">prefix</span> <span class=\"o\">=</span> <span class=\"s\">\"/c/rust/install/default\"</span>\n<span class=\"n\">sysconfdir</span> <span class=\"o\">=</span> <span class=\"s\">\"etc\"</span>\n<span class=\"k\">[rust]</span>\n<span class=\"n\">debuginfo-level-std</span> <span class=\"o\">=</span> <span class=\"mi\">1</span>\n<span class=\"n\">channel</span> <span class=\"o\">=</span> <span class=\"s\">\"nightly\"</span>\n<span class=\"n\">verbose-tests</span> <span class=\"o\">=</span> <span class=\"kc\">true</span>\n<span class=\"n\">lld</span> <span class=\"o\">=</span> <span class=\"kc\">true</span>\n<span class=\"n\">llvm-tools</span> <span class=\"o\">=</span> <span class=\"kc\">true</span>\n<span class=\"n\">remap-debuginfo</span> <span class=\"o\">=</span> <span class=\"kc\">true</span>\n<span class=\"k\">[target.x86_64-unknown-linux-gnu]</span>\n<span class=\"k\">[dist]</span>\n<span class=\"n\">missing-tools</span> <span class=\"o\">=</span> <span class=\"kc\">true</span>\n<span class=\"n\">compression-formats</span> <span class=\"o\">=</span> <span class=\"k\">[\"xz\"]</span>\n</code></pre></div>",
        "id": 232914127,
        "sender_full_name": "Rich Kadel",
        "timestamp": 1617378337
    },
    {
        "content": "<p>Thanks <span class=\"user-mention\" data-user-id=\"296355\">@Rich Kadel</span>, that was helpful. I'm getting the same error now. Looking at that folder, maybe the path needs to include the <code>-preview</code> suffix? </p>\n<p><a href=\"/user_uploads/4715/dNc-WBMi33U4pBQsdictvOym/image.png\">image.png</a></p>\n<div class=\"message_inline_image\"><a href=\"/user_uploads/4715/dNc-WBMi33U4pBQsdictvOym/image.png\" title=\"image.png\"><img src=\"/user_uploads/4715/dNc-WBMi33U4pBQsdictvOym/image.png\"></a></div>",
        "id": 232932802,
        "sender_full_name": "Wesley Wiser",
        "timestamp": 1617387055
    },
    {
        "content": "<p>Looks like there's a binary in the right place inside that folder</p>\n<p><a href=\"/user_uploads/4715/fue8ulSyDzvwkbw3Y57B--Wx/image.png\">image.png</a></p>\n<div class=\"message_inline_image\"><a href=\"/user_uploads/4715/fue8ulSyDzvwkbw3Y57B--Wx/image.png\" title=\"image.png\"><img src=\"/user_uploads/4715/fue8ulSyDzvwkbw3Y57B--Wx/image.png\"></a></div>",
        "id": 232932873,
        "sender_full_name": "Wesley Wiser",
        "timestamp": 1617387105
    },
    {
        "content": "<p>OK, good clue. What does \"preview\" mean? That was a property I set somewhere (copied from a similar other tool) but I don't know what it really means.</p>",
        "id": 232933270,
        "sender_full_name": "Rich Kadel",
        "timestamp": 1617387297
    },
    {
        "content": "<p>I think it means the tool isn't considered \"stable\" and so it is allowed to change/remove things like command line arguments from release to release without warning. It also has the effect of appending the <code>-preview</code></p>",
        "id": 232940462,
        "sender_full_name": "Wesley Wiser",
        "timestamp": 1617391223
    },
    {
        "content": "<p>Oh, maybe you need to adjust this? <a href=\"https://github.com/rust-lang/rust/blob/36bcf4069717b9dff90270d13b53a3b130329960/src/bootstrap/dist.rs#L1455-L1469\">https://github.com/rust-lang/rust/blob/36bcf4069717b9dff90270d13b53a3b130329960/src/bootstrap/dist.rs#L1455-L1469</a></p>",
        "id": 232940492,
        "sender_full_name": "Wesley Wiser",
        "timestamp": 1617391234
    },
    {
        "content": "<p>I'm sure that's at least part of the problem. Hopefully that will do it. Thanks!</p>",
        "id": 233033665,
        "sender_full_name": "Rich Kadel",
        "timestamp": 1617484530
    },
    {
        "content": "<p>Thanks for your help <span class=\"user-mention\" data-user-id=\"125250\">@Wesley Wiser</span> ! The PR just merged.</p>",
        "id": 233059360,
        "sender_full_name": "Rich Kadel",
        "timestamp": 1617516054
    }
]