[
    {
        "content": "<p>Running <code>./x.py doc compiler/rustc --stage 0</code> with unrelated changes produces a bunch of errors like this:</p>\n<div class=\"codehilite\"><pre><span></span><code>error[E0308]: mismatched types\n    --&gt; /Users/user/rust3/compiler/rustc_data_structures/src/macros.rs:5:32\n     |\n3    | / macro_rules! static_assert_size {\n4    | |     ($ty:ty, $size:expr) =&gt; {\n5    | |         const _: [(); $size] = [(); ::std::mem::size_of::&lt;$ty&gt;()];\n     | |                                ^^^^^^^^^^^^^^^^^^^^^^^^^^^^^^^^^^ expected `72_usize`, found `::std::mem::size_of::&lt;$ty&gt;()`\n6    | |     };\n7    | | }\n     | |_- in this expansion of `rustc_data_structures::static_assert_size!`\n     |\n    ::: compiler/rustc_hir/src/hir.rs:2981:5\n     |\n2981 |       rustc_data_structures::static_assert_size!(super::Ty&lt;&#39;static&gt;, 72);\n     |       ------------------------------------------------------------------- in this macro invocation\n     |\n     = note: expected array `[(); 72]`\n                found array `[(); _]`\n</code></pre></div>\n<p>Is this a known issue with that invocation of <code>x.py doc</code>?</p>",
        "id": 227022361,
        "sender_full_name": "Noah Lev",
        "timestamp": 1613765946
    },
    {
        "content": "<p>Also getting these warnings with plain <code>./x.py doc</code>:</p>\n<div class=\"codehilite\"><pre><span></span><code>[2021-02-19T20:18:53Z WARN  mdbook::renderer::html_handlebars::hbs_renderer] Previous versions of mdBook erroneously accepted `./src/theme` as an automatic theme directory\n[2021-02-19T20:18:53Z WARN  mdbook::renderer::html_handlebars::hbs_renderer] Please move your theme files to `./theme` for them to continue being used\nRustbook (x86_64-apple-darwin) - book/second-edition\n[2021-02-19T20:18:53Z WARN  mdbook::renderer::html_handlebars::hbs_renderer] Previous versions of mdBook erroneously accepted `./src/theme` as an automatic theme directory\n[2021-02-19T20:18:53Z WARN  mdbook::renderer::html_handlebars::hbs_renderer] Please move your theme files to `./theme` for them to continue being used\nRustbook (x86_64-apple-darwin) - book/2018-edition\n[2021-02-19T20:18:54Z WARN  mdbook::renderer::html_handlebars::hbs_renderer] Previous versions of mdBook erroneously accepted `./src/theme` as an automatic theme directory\n[2021-02-19T20:18:54Z WARN  mdbook::renderer::html_handlebars::hbs_renderer] Please move your theme files to `./theme` for them to continue being used\n</code></pre></div>",
        "id": 227022506,
        "sender_full_name": "Noah Lev",
        "timestamp": 1613766011
    },
    {
        "content": "<p>Actually I got the same bunch of errors with plain <code>x.py doc</code>.</p>",
        "id": 227023669,
        "sender_full_name": "Noah Lev",
        "timestamp": 1613766614
    },
    {
        "content": "<p>This is weird...</p>",
        "id": 227023726,
        "sender_full_name": "Noah Lev",
        "timestamp": 1613766646
    },
    {
        "content": "<p>I think it should be expected that building the compiler docs with stage 0 might fail.  Try stage 1.</p>\n<p>The warnings about mdbook have been there for a long time.  Someone just needs to update the book on where the theme directory is located.</p>",
        "id": 227025864,
        "sender_full_name": "Eric Huss",
        "timestamp": 1613767657
    },
    {
        "content": "<p><span class=\"user-mention silent\" data-user-id=\"307537\">Camelid</span> <a href=\"#narrow/stream/182449-t-compiler.2Fhelp/topic/x.2Epy.20doc.20errors/near/227022361\">said</a>:</p>\n<blockquote>\n<p>Running <code>./x.py doc compiler/rustc --stage 0</code> with unrelated changes produces a bunch of errors like this:</p>\n<div class=\"codehilite\"><pre><span></span><code>error[E0308]: mismatched types\n    --&gt; /Users/user/rust3/compiler/rustc_data_structures/src/macros.rs:5:32\n     |\n3    | / macro_rules! static_assert_size {\n4    | |     ($ty:ty, $size:expr) =&gt; {\n5    | |         const _: [(); $size] = [(); ::std::mem::size_of::&lt;$ty&gt;()];\n     | |                                ^^^^^^^^^^^^^^^^^^^^^^^^^^^^^^^^^^ expected `72_usize`, found `::std::mem::size_of::&lt;$ty&gt;()`\n6    | |     };\n7    | | }\n     | |_- in this expansion of `rustc_data_structures::static_assert_size!`\n     |\n    ::: compiler/rustc_hir/src/hir.rs:2981:5\n     |\n2981 |       rustc_data_structures::static_assert_size!(super::Ty&lt;&#39;static&gt;, 72);\n     |       ------------------------------------------------------------------- in this macro invocation\n     |\n     = note: expected array `[(); 72]`\n                found array `[(); _]`\n</code></pre></div>\n<p>Is this a known issue with that invocation of <code>x.py doc</code>?</p>\n</blockquote>\n<p>that particular error is weird, but in general doc --stage 0 doesn't work, no: <a href=\"https://github.com/rust-lang/rust/issues/74976\">https://github.com/rust-lang/rust/issues/74976</a></p>",
        "id": 227030572,
        "sender_full_name": "Joshua Nelson",
        "timestamp": 1613769761
    },
    {
        "content": "<p>But even <code>x.py doc</code> without <code>--stage 0 compiler/rustc</code> gave the same errors. Do I need to <code>x.py clean</code>?</p>",
        "id": 227031398,
        "sender_full_name": "Noah Lev",
        "timestamp": 1613770209
    },
    {
        "content": "<p>oh huh, I'm not sure then</p>",
        "id": 227031430,
        "sender_full_name": "Joshua Nelson",
        "timestamp": 1613770225
    },
    {
        "content": "<p>it works in <em>some</em> configuration because that's how the nightly-rustc docs are published</p>",
        "id": 227031532,
        "sender_full_name": "Joshua Nelson",
        "timestamp": 1613770279
    },
    {
        "content": "<p>Yeah, I know I've done it before :/</p>",
        "id": 227032023,
        "sender_full_name": "Noah Lev",
        "timestamp": 1613770558
    },
    {
        "content": "<p>I'll just clean and retry without the args</p>",
        "id": 227032074,
        "sender_full_name": "Noah Lev",
        "timestamp": 1613770567
    },
    {
        "content": "<p>I cleaned and re-ran, but I got the same errors :/</p>",
        "id": 227033781,
        "sender_full_name": "Noah Lev",
        "timestamp": 1613771488
    },
    {
        "content": "<p>Maybe I need to rebase?</p>",
        "id": 227033799,
        "sender_full_name": "Noah Lev",
        "timestamp": 1613771503
    },
    {
        "content": "<p>I ran <code>./x.py doc</code> and then cancelled it partway through to add <code>-j2</code>, so I hope that wasn't the issue. But seems unlikely to cause this to happen.</p>",
        "id": 227033865,
        "sender_full_name": "Noah Lev",
        "timestamp": 1613771530
    },
    {
        "content": "<p><span class=\"user-mention\" data-user-id=\"307537\">@Camelid</span> The default for <code>x.py doc</code> is <code>--stage=0</code></p>",
        "id": 227035543,
        "sender_full_name": "Eric Huss",
        "timestamp": 1613772184
    },
    {
        "content": "<p>I think I thought it was smart enough to use <code>--stage 1</code> for the compiler docs.</p>",
        "id": 227035676,
        "sender_full_name": "Noah Lev",
        "timestamp": 1613772219
    },
    {
        "content": "<p>Thanks!</p>",
        "id": 227035686,
        "sender_full_name": "Noah Lev",
        "timestamp": 1613772221
    },
    {
        "content": "<p>I bet it's related to the const-generics stabilization.</p>",
        "id": 227035728,
        "sender_full_name": "Noah Lev",
        "timestamp": 1613772233
    },
    {
        "content": "<p>Hmm, I got the errors again with <code>./x.py doc --stage=1 -j2</code>. Do I need to <code>x.py clean</code> again?</p>",
        "id": 227036070,
        "sender_full_name": "Noah Lev",
        "timestamp": 1613772328
    },
    {
        "content": "<p>--stage 0 and --stage 1 always use different caches, so cleaning won't help</p>",
        "id": 227036641,
        "sender_full_name": "Joshua Nelson",
        "timestamp": 1613772492
    },
    {
        "content": "<p>My merge-base is recent (I think from yesterday), but I guess I'll try rebasing.</p>",
        "id": 227036888,
        "sender_full_name": "Noah Lev",
        "timestamp": 1613772576
    },
    {
        "content": "<p>I rebased and ran <code>./x.py doc --stage=1 -j2</code> again, and I got the same set of 23 errors. Anyone have ideas?</p>",
        "id": 227039152,
        "sender_full_name": "Noah Lev",
        "timestamp": 1613773406
    },
    {
        "content": "<p>The only change I've made is to the lang item table macro.</p>",
        "id": 227039432,
        "sender_full_name": "Noah Lev",
        "timestamp": 1613773551
    },
    {
        "content": "<p>Opened a PR to see if CI passes: <a href=\"https://github.com/rust-lang/rust/issues/82641\">#82641</a></p>",
        "id": 228152097,
        "sender_full_name": "Noah Lev",
        "timestamp": 1614541671
    },
    {
        "content": "<p>CI failed. The errors were caused by a single syntax error that threw off the compiler <span aria-label=\"face palm\" class=\"emoji emoji-1f926\" role=\"img\" title=\"face palm\">:face_palm:</span> </p>\n<div class=\"codehilite\"><pre><span></span><code>error: no rules expected the token `#`\n   --&gt; compiler/rustc_hir/src/lang_items.rs:49:21\n    |\n39  | / macro_rules! language_item_table {\n40  | |     (\n41  | |         $( $variant:ident $($group:expr)?, $name:expr, $method:ident, $target:expr; )*\n42  | |     ) =&gt; {\n...   |\n49  | |                     #[doc = concat!(&quot;The `&quot;, stringify!($name), &quot;` lang item.&quot;)]\n    | |                     ^ no rules expected this token in macro call\n...   |\n134 | |     }\n135 | | }\n    | |_- in this expansion of `language_item_table!`\n...\n165 | / language_item_table! {\n166 | | //  Variant name,            Name,                     Method name,                Target;\n167 | |     Bool,                    sym::bool,                bool_impl,                  Target::Impl;\n168 | |     Char,                    sym::char,                char_impl,                  Target::Impl;\n...   |\n343 | |     RangeTo,                 sym::RangeTo,             range_to_struct,            Target::Struct;\n344 | | }\n    | |_- in this macro invocation\n</code></pre></div>",
        "id": 228152299,
        "sender_full_name": "Noah Lev",
        "timestamp": 1614541832
    }
]