[
    {
        "content": "<p>I'm trying to build the compiler and getting a puzzling warning about llvm depending on Tensorflow and a (supressed?) panic leading up to that.</p>\n<div class=\"codehilite\"><pre><span></span><code> python x.py build\nUpdating only changed submodules\nSubmodules updated in 0.02 seconds\n    Finished dev [unoptimized + debuginfo] target(s) in 0.11s\nBuilding stage0 std artifacts (x86_64-unknown-linux-gnu -&gt; x86_64-unknown-linux-gnu)\n    Finished release [optimized] target(s) in 0.11s\nCopying stage0 std from stage0 (x86_64-unknown-linux-gnu -&gt; x86_64-unknown-linux-gnu / x86_64-unknown-linux-gnu)\nBuilding LLVM for x86_64-unknown-linux-gnu\nrunning: &quot;cmake&quot; &quot;/home/andreas/code/projects/rust/src/llvm-project/llvm&quot; &quot;-G&quot; &quot;Ninja&quot; &quot;-DLLVM_ENABLE_ASSERTIONS=OFF&quot; &quot;-DLLVM_TARGETS_TO_BUILD=X86&quot; &quot;-DLLVM_EXPERIMENTAL_TARGETS_TO_BUILD=AVR&quot; &quot;-DLLVM_INCLUDE_EXAMPLES=OFF&quot; &quot;-DLLVM_INCLUDE_TESTS=OFF&quot; &quot;-DLLVM_INCLUDE_DOCS=OFF&quot; &quot;-DLLVM_INCLUDE_BENCHMARKS=OFF&quot; &quot;-DWITH_POLLY=OFF&quot; &quot;-DLLVM_ENABLE_TERMINFO=OFF&quot; &quot;-DLLVM_ENABLE_LIBEDIT=OFF&quot; &quot;-DLLVM_ENABLE_BINDINGS=OFF&quot; &quot;-DLLVM_ENABLE_Z3_SOLVER=OFF&quot; &quot;-DLLVM_PARALLEL_COMPILE_JOBS=4&quot; &quot;-DLLVM_TARGET_ARCH=x86_64&quot; &quot;-DLLVM_DEFAULT_TARGET_TRIPLE=x86_64-unknown-linux-gnu&quot; &quot;-DLLVM_ENABLE_ZLIB=ON&quot; &quot;-DLLVM_LINK_LLVM_DYLIB=ON&quot; &quot;-DLLVM_ENABLE_LIBXML2=OFF&quot; &quot;-DLLVM_VERSION_SUFFIX=-rust-dev&quot; &quot;-DPYTHON_EXECUTABLE=/usr/bin/python&quot; &quot;-DCMAKE_INSTALL_MESSAGE=LAZY&quot; &quot;-DCMAKE_C_COMPILER=cc&quot; &quot;-DCMAKE_CXX_COMPILER=c++&quot; &quot;-DCMAKE_ASM_COMPILER=cc&quot; &quot;-DCMAKE_C_FLAGS=-ffunction-sections -fdata-sections -fPIC -m64&quot; &quot;-DCMAKE_CXX_FLAGS=-ffunction-sections -fdata-sections -fPIC -m64&quot; &quot;-DCMAKE_INSTALL_PREFIX=/home/andreas/code/projects/rust/build/x86_64-unknown-linux-gnu/llvm&quot; &quot;-DCMAKE_ASM_FLAGS= -ffunction-sections -fdata-sections -fPIC -m64&quot; &quot;-DCMAKE_BUILD_TYPE=Release&quot;\n-- Native target architecture is X86\n-- Threads enabled.\n-- Doxygen disabled.\n-- Go bindings disabled.\n-- Ninja version: 1.10.0\n-- OCaml bindings disabled.\n-- LLVM host triple: x86_64-unknown-linux-gnu\n-- LLVM default target triple: x86_64-unknown-linux-gnu\n-- Building with -fPIC\n-- Constructing LLVMBuild project information\n-- Targeting X86\n-- Targeting AVR\nTraceback (most recent call last):\n  File &quot;&lt;string&gt;&quot;, line 22, in &lt;module&gt;\nIndexError: list index out of range\n-- Configuring done\n-- Generating done\n-- Build files have been written to: /home/andreas/code/projects/rust/build/x86_64-unknown-linux-gnu/llvm/build\nrunning: &quot;cmake&quot; &quot;--build&quot; &quot;.&quot; &quot;--target&quot; &quot;install&quot; &quot;--config&quot; &quot;Release&quot; &quot;--&quot; &quot;-j&quot; &quot;4&quot;\nninja: error: &#39;/usr/lib/libtensorflow.so&#39;, needed by &#39;lib/libLLVM-11-rust-dev.so&#39;, missing and no known rule to make it\nthread &#39;main&#39; panicked at &#39;\ncommand did not execute successfully, got: exit code: 1\n\nbuild script failed, must exit now&#39;, /home/andreas/.cargo/registry/src/github.com-1ecc6299db9ec823/cmake-0.1.44/src/lib.rs:885:5\nnote: run with `RUST_BACKTRACE=1` environment variable to display a backtrace\n    finished in 1.476\nfailed to run: /home/andreas/code/projects/rust/build/bootstrap/debug/bootstrap build\n</code></pre></div>",
        "id": 209144073,
        "sender_full_name": "HeroicKatora",
        "timestamp": 1599256059
    },
    {
        "content": "<p>Environvment: Arch Linux, commit <a href=\"https://github.com/rust-lang/rust/commit/42d896afbd0314375a12465a14dc8d23b1b73a55\">42d896afbd0314375a12465a14dc8d23b1b73a55</a><br>\nThe only deviation from default config.toml is removing some uneeded architectures</p>",
        "id": 209144168,
        "sender_full_name": "HeroicKatora",
        "timestamp": 1599256126
    },
    {
        "content": "<div class=\"codehilite\"><pre><span></span><code>-- Targeting AVR\nTraceback (most recent call last):\n  File &quot;&lt;string&gt;&quot;, line 22, in &lt;module&gt;\nIndexError: list index out of range\n</code></pre></div>\n\n\n<p>Is that one of the architectures you disabled?</p>",
        "id": 209144402,
        "sender_full_name": "Joshua Nelson",
        "timestamp": 1599256325
    },
    {
        "content": "<p>can you provide a diff of config.toml?</p>",
        "id": 209144424,
        "sender_full_name": "simulacrum",
        "timestamp": 1599256358
    },
    {
        "content": "<p>I suspect it might be ... finding tensorflow partially, deciding to link to it, and then failing?</p>",
        "id": 209144439,
        "sender_full_name": "simulacrum",
        "timestamp": 1599256381
    },
    {
        "content": "<p>The diff is:</p>\n<div class=\"codehilite\"><pre><span></span><code>65d64\n&lt; targets = &quot;X86&quot;\n</code></pre></div>",
        "id": 209144513,
        "sender_full_name": "HeroicKatora",
        "timestamp": 1599256445
    },
    {
        "content": "<p>So AVR appearing there is weird on its own, isn't it?</p>",
        "id": 209144561,
        "sender_full_name": "HeroicKatora",
        "timestamp": 1599256517
    },
    {
        "content": "<p>Perhaps, not sure why that would happen</p>",
        "id": 209144681,
        "sender_full_name": "simulacrum",
        "timestamp": 1599256634
    },
    {
        "content": "<p>maybe an upstream bug</p>",
        "id": 209144699,
        "sender_full_name": "simulacrum",
        "timestamp": 1599256660
    },
    {
        "content": "<p>I'm going to do a full clean of the repo, it's been a while and could be some pontentially old file interfereing.</p>",
        "id": 209144706,
        "sender_full_name": "HeroicKatora",
        "timestamp": 1599256670
    },
    {
        "content": "<p><span class=\"user-mention silent\" data-user-id=\"116122\">simulacrum</span> <a href=\"#narrow/stream/131828-t-compiler/topic/Can't.20build.20due.20to.20depending.20on.20tensorflow.3F/near/209144439\">said</a>:</p>\n<blockquote>\n<p>I suspect it might be ... finding tensorflow partially, deciding to link to it, and then failing?</p>\n</blockquote>\n<p>That might actually be it. I believe it was autoremoved from my system as an orphaned dependency a few weeks back.<br>\nWeird that it sticks around in some files though, maybe the llvm build directory is improperly cleaned?</p>",
        "id": 209145473,
        "sender_full_name": "HeroicKatora",
        "timestamp": 1599257352
    },
    {
        "content": "<p>After <code>git clean -id</code> it seems fine. a <code>x.py clean</code> alone didn't do the trick.<br>\nSo nothing particularly worrying, just the some old artifact probably ^^</p>",
        "id": 209146813,
        "sender_full_name": "HeroicKatora",
        "timestamp": 1599258664
    },
    {
        "content": "<p>x.py clean doesn't touch llvm</p>",
        "id": 209147595,
        "sender_full_name": "simulacrum",
        "timestamp": 1599259572
    },
    {
        "content": "<p>I am experiencing this right now. I did a <code>x.py clean</code> and a <code>rm -rf build</code> and a <code>git clean -id</code>, but am still getting the error</p>",
        "id": 211050949,
        "sender_full_name": "Jake Vossen",
        "timestamp": 1600889124
    },
    {
        "content": "<p>In case anyone is searching around, I eventually fixed this by just downloading the llvm from CI by setting <a href=\"http://adc66c693e70f68920b6446f7f13e65fa0038b4e2eece1406d511af419efa8e6106a4745d48660097021685058298f1ea9ff4aa30b66dcc109e7d133\">this line</a> to true, which works for my needs. Not the best solution, it is probably an outdated tensorflow version or something, but I don't have sudo permissions on the server I am doing this on so it'll do for now.</p>",
        "id": 226175229,
        "sender_full_name": "Jake Vossen",
        "timestamp": 1613153524
    }
]