[
    {
        "content": "<p>Failing to build <strong>rust-analyzer</strong> (<a href=\"https://github.com/rust-analyzer/rust-analyzer\" target=\"_blank\" title=\"https://github.com/rust-analyzer/rust-analyzer\">https://github.com/rust-analyzer/rust-analyzer</a>)</p>\n<p>Revision: <code>97f01396</code> (just git-pull-ed)</p>\n<p>VSCode:<br>\nVersion: 1.41.1<br>\nCommit: <a href=\"https://github.com/rust-lang/rust/commit/26076a4de974ead31f97692a0d32f90d735645c0\" target=\"_blank\" title=\"https://github.com/rust-lang/rust/commit/26076a4de974ead31f97692a0d32f90d735645c0\">26076a4de974ead31f97692a0d32f90d735645c0</a><br>\nDate: 2019-12-18T14:57:51.166Z<br>\nElectron: 6.1.5<br>\nChrome: 76.0.3809.146<br>\nNode.js: 12.4.0<br>\nV8: 7.6.303.31-electron.0<br>\nOS: Darwin x64 19.2.0</p>\n<p>Build command: <code>cargo xtask install</code></p>\n<p>Output (tail):</p>\n<div class=\"codehilite\"><pre><span></span>error[E0658]: use of unstable library feature &#39;mem_take&#39;\n  --&gt; crates/ra_hir_def/src/body.rs:69:41\n   |\n69 | ...                   ast_id_map: mem::take(&amp;mut self.ast_id_map),\n   |                                   ^^^^^^^^^\n   |\n   = note: for more information, see https://github.com/rust-lang/rust/issues/61129\n\nerror[E0658]: use of unstable library feature &#39;mem_take&#39;\n  --&gt; crates/ra_hir_def/src/body.rs:90:27\n   |\n90 |         self.ast_id_map = mem::take(&amp;mut mark.ast_id_map);\n   |                           ^^^^^^^^^\n   |\n   = note: for more information, see https://github.com/rust-lang/rust/issues/61129\n\nerror[E0658]: use of unstable library feature &#39;inner_deref&#39;: newly added\n   --&gt; crates/ra_hir_def/src/path.rs:146:26\n    |\n146 |         self.type_anchor.as_deref()\n    |                          ^^^^^^^^\n    |\n    = note: for more information, see https://github.com/rust-lang/rust/issues/50264\n\nerror: aborting due to 3 previous errors\n\nFor more information about this error, try `rustc --explain E0658`.\nerror: could not compile `ra_hir_def`.\nwarning: build failed, waiting for other jobs to finish...\nerror: failed to compile `ra_lsp_server v0.1.0 (/Users/adeynack/src/gh/rust-analyzer/rust-analyzer/crates/ra_lsp_server)`, intermediate artifacts can be found at `/Users/adeynack/src/gh/rust-analyzer/rust-analyzer/target`\n\nCaused by:\n  build failed\n\nWARNING: at least rust 1.40.0 is required to compile rust-analyzer\n\nError: install server\n\nCaused by:\n    `cargo install --path crates/ra_lsp_server --locked --force` exited with exit code: 101\n</pre></div>",
        "id": 184238165,
        "sender_full_name": "Adeynack",
        "timestamp": 1577323198
    },
    {
        "content": "<p>I think you should update Rust toolchain to latest stable at least</p>",
        "id": 184244030,
        "sender_full_name": "Mikail Bagishov",
        "timestamp": 1577336113
    },
    {
        "content": "<p>yup:</p>\n<blockquote>\n<p>WARNING: at least rust 1.40.0 is required to compile rust-analyzer</p>\n</blockquote>",
        "id": 184284880,
        "sender_full_name": "matklad",
        "timestamp": 1577397101
    },
    {
        "content": "<p>I think I read too fast and read that VSCode 1.40.0 min was required. #doh</p>",
        "id": 184389954,
        "sender_full_name": "Adeynack",
        "timestamp": 1577565190
    },
    {
        "content": "<p>It worked like a charm. Thanks for your help!</p>",
        "id": 184390821,
        "sender_full_name": "Adeynack",
        "timestamp": 1577566614
    }
]